#
# There is insufficient memory for the Java Runtime Environment to continue.
# Native memory allocation (malloc) failed to allocate 32744 bytes for ChunkPool::allocate
# Possible reasons:
#   The system is out of physical RAM or swap space
#   The process is running with CompressedOops enabled, and the Java Heap may be blocking the growth of the native heap
# Possible solutions:
#   Reduce memory load on the system
#   Increase physical memory or swap space
#   Check if swap backing store is full
#   Decrease Java heap size (-Xmx/-Xms)
#   Decrease number of Java threads
#   Decrease Java thread stack sizes (-Xss)
#   Set larger code cache with -XX:ReservedCodeCacheSize=
#   JVM is running with Unscaled Compressed Oops mode in which the Java heap is
#     placed in the first 4GB address space. The Java Heap base address is the
#     maximum limit for the native heap growth. Please use -XX:HeapBaseMinAddress
#     to set the Java Heap base and to place the Java Heap above 4GB virtual address.
# This output file may be truncated or incomplete.
#
#  Out of Memory Error (./open/src/hotspot/share/memory/arena.cpp:79), pid=54020, tid=50756
#
# JRE version: Java(TM) SE Runtime Environment (15.0.2+7) (build 15.0.2+7-27)
# Java VM: Java HotSpot(TM) 64-Bit Server VM (15.0.2+7-27, mixed mode, sharing, tiered, compressed oops, g1 gc, windows-amd64)
# No core dump will be written. Minidumps are not enabled by default on client versions of Windows
#

---------------  S U M M A R Y ------------

Command Line: -Xmx64m -Xms64m -Dorg.gradle.appname=gradlew org.gradle.wrapper.GradleWrapperMain AssembleRelease

Host: Intel(R) Core(TM) i7-3687U CPU @ 2.10GHz, 4 cores, 9G,  Windows 10 , 64 bit Build 19041 (10.0.19041.928)
Time: Sun May 23 21:35:21 2021 India Standard Time elapsed time: 256.403951 seconds (0d 0h 4m 16s)

---------------  T H R E A D  ---------------

Current thread (0x00000265c4a6e4c0):  JavaThread "C2 CompilerThread0" daemon [_thread_in_native, id=50756, stack(0x0000006e09c00000,0x0000006e09d00000)]


Current CompileTask:
C2: 256404 1778       4       java.lang.AbstractStringBuilder::insert (54 bytes)

Stack: [0x0000006e09c00000,0x0000006e09d00000]
Native frames: (J=compiled Java code, j=interpreted, Vv=VM code, C=native code)
V  [jvm.dll+0x62ae9a]
V  [jvm.dll+0x7817a9]
V  [jvm.dll+0x782f03]
V  [jvm.dll+0x783563]
V  [jvm.dll+0x216325]
V  [jvm.dll+0x982cf]
V  [jvm.dll+0x9861c]
V  [jvm.dll+0x279ff5]
V  [jvm.dll+0x540794]
V  [jvm.dll+0x1f3124]
V  [jvm.dll+0x1ecaf1]
V  [jvm.dll+0x1e9867]
V  [jvm.dll+0x178567]
V  [jvm.dll+0x1f9225]
V  [jvm.dll+0x1f72cc]
V  [jvm.dll+0x74495d]
V  [jvm.dll+0x73d75a]
V  [jvm.dll+0x629c56]
C  [ucrtbase.dll+0x21bb2]
C  [KERNEL32.DLL+0x17034]
C  [ntdll.dll+0x52651]


---------------  P R O C E S S  ---------------

Threads class SMR info:
_java_thread_list=0x00000265c5727a30, length=14, elements={
0x00000265a8a70640, 0x00000265a8b4ce70, 0x00000265a8b4d950, 0x00000265c4a65cd0,
0x00000265c4a6a6b0, 0x00000265c4a6b070, 0x00000265c4a6e4c0, 0x00000265c4a72750,
0x00000265c4a7f080, 0x00000265c4ca4fa0, 0x00000265c4ca9150, 0x00000265c55ba3e0,
0x00000265c5864a30, 0x00000265c59ea4a0
}

Java Threads: ( => current thread )
  0x00000265a8a70640 JavaThread "main" [_thread_in_native, id=53828, stack(0x0000006e09000000,0x0000006e09100000)]
  0x00000265a8b4ce70 JavaThread "Reference Handler" daemon [_thread_blocked, id=34212, stack(0x0000006e09700000,0x0000006e09800000)]
  0x00000265a8b4d950 JavaThread "Finalizer" daemon [_thread_blocked, id=53620, stack(0x0000006e09800000,0x0000006e09900000)]
  0x00000265c4a65cd0 JavaThread "Signal Dispatcher" daemon [_thread_blocked, id=40592, stack(0x0000006e09900000,0x0000006e09a00000)]
  0x00000265c4a6a6b0 JavaThread "Attach Listener" daemon [_thread_blocked, id=45744, stack(0x0000006e09a00000,0x0000006e09b00000)]
  0x00000265c4a6b070 JavaThread "Service Thread" daemon [_thread_blocked, id=51872, stack(0x0000006e09b00000,0x0000006e09c00000)]
=>0x00000265c4a6e4c0 JavaThread "C2 CompilerThread0" daemon [_thread_in_native, id=50756, stack(0x0000006e09c00000,0x0000006e09d00000)]
  0x00000265c4a72750 JavaThread "C1 CompilerThread0" daemon [_thread_blocked, id=52924, stack(0x0000006e09d00000,0x0000006e09e00000)]
  0x00000265c4a7f080 JavaThread "Sweeper thread" daemon [_thread_blocked, id=32644, stack(0x0000006e09e00000,0x0000006e09f00000)]
  0x00000265c4ca4fa0 JavaThread "Notification Thread" daemon [_thread_blocked, id=47652, stack(0x0000006e09f00000,0x0000006e0a000000)]
  0x00000265c4ca9150 JavaThread "Common-Cleaner" daemon [_thread_blocked, id=52940, stack(0x0000006e0a100000,0x0000006e0a200000)]
  0x00000265c55ba3e0 JavaThread "pool-1-thread-1" [_thread_in_native, id=54184, stack(0x0000006e0a300000,0x0000006e0a400000)]
  0x00000265c5864a30 JavaThread "DisconnectableInputStream source reader" daemon [_thread_in_native, id=32244, stack(0x0000006e0a900000,0x0000006e0aa00000)]
  0x00000265c59ea4a0 JavaThread "Forward input" [_thread_blocked, id=48708, stack(0x0000006e0aa00000,0x0000006e0ab00000)]

Other Threads:
  0x00000265a8b496d0 VMThread "VM Thread" [stack: 0x0000006e09600000,0x0000006e09700000] [id=44920]
  0x00000265c4ca7c90 WatcherThread [stack: 0x0000006e0a000000,0x0000006e0a100000] [id=53192]
  0x00000265a8a923a0 GCTaskThread "GC Thread#0" [stack: 0x0000006e09100000,0x0000006e09200000] [id=44436]
  0x00000265c52381b0 GCTaskThread "GC Thread#1" [stack: 0x0000006e0a200000,0x0000006e0a300000] [id=52808]
  0x00000265c5235840 GCTaskThread "GC Thread#2" [stack: 0x0000006e0a400000,0x0000006e0a500000] [id=2580]
  0x00000265c5236e90 GCTaskThread "GC Thread#3" [stack: 0x0000006e0a500000,0x0000006e0a600000] [id=51852]
  0x00000265a8a93d80 ConcurrentGCThread "G1 Main Marker" [stack: 0x0000006e09200000,0x0000006e09300000] [id=50764]
  0x00000265a8a96030 ConcurrentGCThread "G1 Conc#0" [stack: 0x0000006e09300000,0x0000006e09400000] [id=53768]
  0x00000265a8ae5230 ConcurrentGCThread "G1 Refine#0" [stack: 0x0000006e09400000,0x0000006e09500000] [id=50192]
  0x00000265a8ae5d40 ConcurrentGCThread "G1 Young RemSet Sampling" [stack: 0x0000006e09500000,0x0000006e09600000] [id=8756]

Threads with active compile tasks:
C2 CompilerThread0   256448 1778       4       java.lang.AbstractStringBuilder::insert (54 bytes)

VM state: not at safepoint (normal execution)

VM Mutex/Monitor currently owned by a thread: None

Heap address: 0x00000000fc000000, size: 64 MB, Compressed Oops mode: 32-bit
CDS archive(s) mapped at: [0x0000000800000000-0x0000000800b50000-0x0000000800b50000), size 11862016, SharedBaseAddress: 0x0000000800000000, ArchiveRelocationMode: 0.
Compressed class space mapped at: 0x0000000800b50000-0x0000000840b50000, size: 1073741824
Narrow klass base: 0x0000000800000000, Narrow klass shift: 3, Narrow klass range: 0x100000000

GC Precious Log:
 CPUs: 4 total, 4 available
 Memory: 10103M
 Large Page Support: Disabled
 NUMA Support: Disabled
 Compressed Oops: Enabled (32-bit)
 Heap Region Size: 1M
 Heap Min Capacity: 64M
 Heap Initial Capacity: 64M
 Heap Max Capacity: 64M
 Pre-touch: Disabled
 Parallel Workers: 4
 Concurrent Workers: 1
 Concurrent Refinement Workers: 4
 Periodic GC: Disabled

Heap:
 garbage-first heap   total 65536K, used 27696K [0x00000000fc000000, 0x0000000100000000)
  region size 1024K, 21 young (21504K), 2 survivors (2048K)
 Metaspace       used 9635K, capacity 9836K, committed 10112K, reserved 1058816K
  class space    used 1199K, capacity 1291K, committed 1408K, reserved 1048576K

Heap Regions: E=young(eden), S=young(survivor), O=old, HS=humongous(starts), HC=humongous(continues), CS=collection set, F=free, OA=open archive, CA=closed archive, TAMS=top-at-mark-start (previous, next)
|   0|0x00000000fc000000, 0x00000000fc100000, 0x00000000fc100000|100%| O|  |TAMS 0x00000000fc000000, 0x00000000fc000000| Untracked 
|   1|0x00000000fc100000, 0x00000000fc1ef600, 0x00000000fc200000| 93%| O|  |TAMS 0x00000000fc100000, 0x00000000fc100000| Untracked 
|   2|0x00000000fc200000, 0x00000000fc200000, 0x00000000fc300000|  0%| F|  |TAMS 0x00000000fc200000, 0x00000000fc200000| Untracked 
|   3|0x00000000fc300000, 0x00000000fc400000, 0x00000000fc400000|100%|HS|  |TAMS 0x00000000fc300000, 0x00000000fc300000| Complete 
|   4|0x00000000fc400000, 0x00000000fc500000, 0x00000000fc500000|100%|HC|  |TAMS 0x00000000fc400000, 0x00000000fc400000| Complete 
|   5|0x00000000fc500000, 0x00000000fc600000, 0x00000000fc600000|100%|HC|  |TAMS 0x00000000fc500000, 0x00000000fc500000| Complete 
|   6|0x00000000fc600000, 0x00000000fc700000, 0x00000000fc700000|100%| O|  |TAMS 0x00000000fc600000, 0x00000000fc600000| Untracked 
|   7|0x00000000fc700000, 0x00000000fc800000, 0x00000000fc800000|100%| O|  |TAMS 0x00000000fc700000, 0x00000000fc700000| Untracked 
|   8|0x00000000fc800000, 0x00000000fc900000, 0x00000000fc900000|100%| O|  |TAMS 0x00000000fc800000, 0x00000000fc800000| Untracked 
|   9|0x00000000fc900000, 0x00000000fc900000, 0x00000000fca00000|  0%| F|  |TAMS 0x00000000fc900000, 0x00000000fc900000| Untracked 
|  10|0x00000000fca00000, 0x00000000fca00000, 0x00000000fcb00000|  0%| F|  |TAMS 0x00000000fca00000, 0x00000000fca00000| Untracked 
|  11|0x00000000fcb00000, 0x00000000fcb00000, 0x00000000fcc00000|  0%| F|  |TAMS 0x00000000fcb00000, 0x00000000fcb00000| Untracked 
|  12|0x00000000fcc00000, 0x00000000fcc00000, 0x00000000fcd00000|  0%| F|  |TAMS 0x00000000fcc00000, 0x00000000fcc00000| Untracked 
|  13|0x00000000fcd00000, 0x00000000fcd00000, 0x00000000fce00000|  0%| F|  |TAMS 0x00000000fcd00000, 0x00000000fcd00000| Untracked 
|  14|0x00000000fce00000, 0x00000000fce00000, 0x00000000fcf00000|  0%| F|  |TAMS 0x00000000fce00000, 0x00000000fce00000| Untracked 
|  15|0x00000000fcf00000, 0x00000000fcf00000, 0x00000000fd000000|  0%| F|  |TAMS 0x00000000fcf00000, 0x00000000fcf00000| Untracked 
|  16|0x00000000fd000000, 0x00000000fd000000, 0x00000000fd100000|  0%| F|  |TAMS 0x00000000fd000000, 0x00000000fd000000| Untracked 
|  17|0x00000000fd100000, 0x00000000fd100000, 0x00000000fd200000|  0%| F|  |TAMS 0x00000000fd100000, 0x00000000fd100000| Untracked 
|  18|0x00000000fd200000, 0x00000000fd200000, 0x00000000fd300000|  0%| F|  |TAMS 0x00000000fd200000, 0x00000000fd200000| Untracked 
|  19|0x00000000fd300000, 0x00000000fd300000, 0x00000000fd400000|  0%| F|  |TAMS 0x00000000fd300000, 0x00000000fd300000| Untracked 
|  20|0x00000000fd400000, 0x00000000fd400000, 0x00000000fd500000|  0%| F|  |TAMS 0x00000000fd400000, 0x00000000fd400000| Untracked 
|  21|0x00000000fd500000, 0x00000000fd500000, 0x00000000fd600000|  0%| F|  |TAMS 0x00000000fd500000, 0x00000000fd500000| Untracked 
|  22|0x00000000fd600000, 0x00000000fd600000, 0x00000000fd700000|  0%| F|  |TAMS 0x00000000fd600000, 0x00000000fd600000| Untracked 
|  23|0x00000000fd700000, 0x00000000fd700000, 0x00000000fd800000|  0%| F|  |TAMS 0x00000000fd700000, 0x00000000fd700000| Untracked 
|  24|0x00000000fd800000, 0x00000000fd800000, 0x00000000fd900000|  0%| F|  |TAMS 0x00000000fd800000, 0x00000000fd800000| Untracked 
|  25|0x00000000fd900000, 0x00000000fd900000, 0x00000000fda00000|  0%| F|  |TAMS 0x00000000fd900000, 0x00000000fd900000| Untracked 
|  26|0x00000000fda00000, 0x00000000fda00000, 0x00000000fdb00000|  0%| F|  |TAMS 0x00000000fda00000, 0x00000000fda00000| Untracked 
|  27|0x00000000fdb00000, 0x00000000fdb00000, 0x00000000fdc00000|  0%| F|  |TAMS 0x00000000fdb00000, 0x00000000fdb00000| Untracked 
|  28|0x00000000fdc00000, 0x00000000fdc00000, 0x00000000fdd00000|  0%| F|  |TAMS 0x00000000fdc00000, 0x00000000fdc00000| Untracked 
|  29|0x00000000fdd00000, 0x00000000fdd00000, 0x00000000fde00000|  0%| F|  |TAMS 0x00000000fdd00000, 0x00000000fdd00000| Untracked 
|  30|0x00000000fde00000, 0x00000000fde00000, 0x00000000fdf00000|  0%| F|  |TAMS 0x00000000fde00000, 0x00000000fde00000| Untracked 
|  31|0x00000000fdf00000, 0x00000000fdf00000, 0x00000000fe000000|  0%| F|  |TAMS 0x00000000fdf00000, 0x00000000fdf00000| Untracked 
|  32|0x00000000fe000000, 0x00000000fe000000, 0x00000000fe100000|  0%| F|  |TAMS 0x00000000fe000000, 0x00000000fe000000| Untracked 
|  33|0x00000000fe100000, 0x00000000fe100000, 0x00000000fe200000|  0%| F|  |TAMS 0x00000000fe100000, 0x00000000fe100000| Untracked 
|  34|0x00000000fe200000, 0x00000000fe200000, 0x00000000fe300000|  0%| F|  |TAMS 0x00000000fe200000, 0x00000000fe200000| Untracked 
|  35|0x00000000fe300000, 0x00000000fe300000, 0x00000000fe400000|  0%| F|  |TAMS 0x00000000fe300000, 0x00000000fe300000| Untracked 
|  36|0x00000000fe400000, 0x00000000fe400000, 0x00000000fe500000|  0%| F|  |TAMS 0x00000000fe400000, 0x00000000fe400000| Untracked 
|  37|0x00000000fe500000, 0x00000000fe500000, 0x00000000fe600000|  0%| F|  |TAMS 0x00000000fe500000, 0x00000000fe500000| Untracked 
|  38|0x00000000fe600000, 0x00000000fe600000, 0x00000000fe700000|  0%| F|  |TAMS 0x00000000fe600000, 0x00000000fe600000| Untracked 
|  39|0x00000000fe700000, 0x00000000fe700000, 0x00000000fe800000|  0%| F|  |TAMS 0x00000000fe700000, 0x00000000fe700000| Untracked 
|  40|0x00000000fe800000, 0x00000000fe800000, 0x00000000fe900000|  0%| F|  |TAMS 0x00000000fe800000, 0x00000000fe800000| Untracked 
|  41|0x00000000fe900000, 0x00000000fe900000, 0x00000000fea00000|  0%| F|  |TAMS 0x00000000fe900000, 0x00000000fe900000| Untracked 
|  42|0x00000000fea00000, 0x00000000fea00000, 0x00000000feb00000|  0%| F|  |TAMS 0x00000000fea00000, 0x00000000fea00000| Untracked 
|  43|0x00000000feb00000, 0x00000000feb55750, 0x00000000fec00000| 33%| E|  |TAMS 0x00000000feb00000, 0x00000000feb00000| Complete 
|  44|0x00000000fec00000, 0x00000000fed00000, 0x00000000fed00000|100%| E|CS|TAMS 0x00000000fec00000, 0x00000000fec00000| Complete 
|  45|0x00000000fed00000, 0x00000000fee00000, 0x00000000fee00000|100%| E|CS|TAMS 0x00000000fed00000, 0x00000000fed00000| Complete 
|  46|0x00000000fee00000, 0x00000000fef00000, 0x00000000fef00000|100%| E|CS|TAMS 0x00000000fee00000, 0x00000000fee00000| Complete 
|  47|0x00000000fef00000, 0x00000000ff000000, 0x00000000ff000000|100%| E|CS|TAMS 0x00000000fef00000, 0x00000000fef00000| Complete 
|  48|0x00000000ff000000, 0x00000000ff100000, 0x00000000ff100000|100%| E|CS|TAMS 0x00000000ff000000, 0x00000000ff000000| Complete 
|  49|0x00000000ff100000, 0x00000000ff200000, 0x00000000ff200000|100%| E|CS|TAMS 0x00000000ff100000, 0x00000000ff100000| Complete 
|  50|0x00000000ff200000, 0x00000000ff300000, 0x00000000ff300000|100%| E|CS|TAMS 0x00000000ff200000, 0x00000000ff200000| Complete 
|  51|0x00000000ff300000, 0x00000000ff31cd10, 0x00000000ff400000| 11%| S|CS|TAMS 0x00000000ff300000, 0x00000000ff300000| Complete 
|  52|0x00000000ff400000, 0x00000000ff500000, 0x00000000ff500000|100%| S|CS|TAMS 0x00000000ff400000, 0x00000000ff400000| Complete 
|  53|0x00000000ff500000, 0x00000000ff600000, 0x00000000ff600000|100%| E|CS|TAMS 0x00000000ff500000, 0x00000000ff500000| Complete 
|  54|0x00000000ff600000, 0x00000000ff700000, 0x00000000ff700000|100%| E|CS|TAMS 0x00000000ff600000, 0x00000000ff600000| Complete 
|  55|0x00000000ff700000, 0x00000000ff800000, 0x00000000ff800000|100%| E|CS|TAMS 0x00000000ff700000, 0x00000000ff700000| Complete 
|  56|0x00000000ff800000, 0x00000000ff900000, 0x00000000ff900000|100%| E|CS|TAMS 0x00000000ff800000, 0x00000000ff800000| Complete 
|  57|0x00000000ff900000, 0x00000000ffa00000, 0x00000000ffa00000|100%| E|CS|TAMS 0x00000000ff900000, 0x00000000ff900000| Complete 
|  58|0x00000000ffa00000, 0x00000000ffb00000, 0x00000000ffb00000|100%| E|CS|TAMS 0x00000000ffa00000, 0x00000000ffa00000| Complete 
|  59|0x00000000ffb00000, 0x00000000ffc00000, 0x00000000ffc00000|100%| E|CS|TAMS 0x00000000ffb00000, 0x00000000ffb00000| Complete 
|  60|0x00000000ffc00000, 0x00000000ffd00000, 0x00000000ffd00000|100%| E|CS|TAMS 0x00000000ffc00000, 0x00000000ffc00000| Complete 
|  61|0x00000000ffd00000, 0x00000000ffe00000, 0x00000000ffe00000|100%| E|CS|TAMS 0x00000000ffd00000, 0x00000000ffd00000| Complete 
|  62|0x00000000ffe00000, 0x00000000fff00000, 0x00000000fff00000|100%| E|CS|TAMS 0x00000000ffe00000, 0x00000000ffe00000| Complete 
|  63|0x00000000fff00000, 0x0000000100000000, 0x0000000100000000|100%| E|CS|TAMS 0x00000000fff00000, 0x00000000fff00000| Complete 

Card table byte_map: [0x00000265a8930000,0x00000265a8950000] _byte_map_base: 0x00000265a8150000

Marking Bits (Prev, Next): (CMBitMap*) 0x00000265a8a92b20, (CMBitMap*) 0x00000265a8a92b60
 Prev Bits: [0x00000265c1ae0000, 0x00000265c1be0000)
 Next Bits: [0x00000265c1be0000, 0x00000265c1ce0000)

Polling page: 0x00000265a88e0000

Metaspace:

Usage:
  Non-class:      8.34 MB capacity,     8.24 MB ( 99%) used,    98.41 KB (  1%) free+waste,    10.38 KB ( <1%) overhead. 
      Class:      1.26 MB capacity,     1.17 MB ( 93%) used,    86.60 KB (  7%) free+waste,     5.25 KB ( <1%) overhead. 
       Both:      9.61 MB capacity,     9.41 MB ( 98%) used,   185.01 KB (  2%) free+waste,    15.62 KB ( <1%) overhead. 

Virtual space:
  Non-class space:       10.00 MB reserved,       8.50 MB ( 85%) committed 
      Class space:        1.00 GB reserved,       1.38 MB ( <1%) committed 
             Both:        1.01 GB reserved,       9.88 MB ( <1%) committed 

Chunk freelists:
   Non-Class:  31.00 KB
       Class:  21.00 KB
        Both:  52.00 KB

MaxMetaspaceSize: 17179869184.00 GB
CompressedClassSpaceSize: 1.00 GB

CodeHeap 'non-profiled nmethods': size=120000Kb used=557Kb max_used=557Kb free=119442Kb
 bounds [0x00000265b9f90000, 0x00000265ba200000, 0x00000265c14c0000]
CodeHeap 'profiled nmethods': size=120000Kb used=3273Kb max_used=3273Kb free=116726Kb
 bounds [0x00000265b2a60000, 0x00000265b2da0000, 0x00000265b9f90000]
CodeHeap 'non-nmethods': size=5760Kb used=1194Kb max_used=1213Kb free=4565Kb
 bounds [0x00000265b24c0000, 0x00000265b2730000, 0x00000265b2a60000]
 total_blobs=2237 nmethods=1777 adapters=373
 compilation: enabled
              stopped_count=0, restarted_count=0
 full_count=0

Compilation events (20 events):
Event: 213.197 Thread 0x00000265c4a72750 nmethod 1768 0x00000265b2d8eb10 code [0x00000265b2d8ed60, 0x00000265b2d8f448]
Event: 215.490 Thread 0x00000265c4a6e4c0 1769       4       java.util.ArrayList::clear (43 bytes)
Event: 215.493 Thread 0x00000265c4a6e4c0 nmethod 1769 0x00000265ba01a490 code [0x00000265ba01a600, 0x00000265ba01a738]
Event: 216.144 Thread 0x00000265c4a6e4c0 1770   !   4       net.rubygrapefruit.platform.internal.WindowsTerminal::getTerminalSize (84 bytes)
Event: 216.148 Thread 0x00000265c4a6e4c0 nmethod 1770 0x00000265ba01a810 code [0x00000265ba01a9c0, 0x00000265ba01ada8]
Event: 216.173 Thread 0x00000265c4a72750 1771       3       org.fusesource.jansi.Ansi::fg (17 bytes)
Event: 216.174 Thread 0x00000265c4a72750 nmethod 1771 0x00000265b2d8f710 code [0x00000265b2d8f920, 0x00000265b2d900e8]
Event: 216.174 Thread 0x00000265c4a72750 1772       3       org.fusesource.jansi.Ansi$Color::fg (8 bytes)
Event: 216.174 Thread 0x00000265c4a72750 nmethod 1772 0x00000265b2d90490 code [0x00000265b2d90620, 0x00000265b2d90718]
Event: 225.100 Thread 0x00000265c4a72750 1773       3       java.util.Collections::addAll (43 bytes)
Event: 225.100 Thread 0x00000265c4a72750 nmethod 1773 0x00000265b2d90790 code [0x00000265b2d90940, 0x00000265b2d90be8]
Event: 229.107 Thread 0x00000265c4a72750 1774       3       com.google.common.collect.Lists::computeArrayListCapacity (23 bytes)
Event: 229.107 Thread 0x00000265c4a72750 nmethod 1774 0x00000265b2d90d10 code [0x00000265b2d90ec0, 0x00000265b2d91128]
Event: 240.534 Thread 0x00000265c4a72750 1775       3       sun.nio.cs.StreamEncoder::writeBytes (132 bytes)
Event: 240.535 Thread 0x00000265c4a72750 nmethod 1775 0x00000265b2d91210 code [0x00000265b2d91480, 0x00000265b2d91eb8]
Event: 246.440 Thread 0x00000265c4a6e4c0 1776       4       java.util.concurrent.locks.ReentrantLock$NonfairSync::initialTryLock (58 bytes)
Event: 246.442 Thread 0x00000265c4a6e4c0 nmethod 1776 0x00000265ba01af90 code [0x00000265ba01b100, 0x00000265ba01b258]
Event: 252.212 Thread 0x00000265c4a6e4c0 1777       4       java.util.ArrayDeque$DeqIterator::next (62 bytes)
Event: 252.213 Thread 0x00000265c4a6e4c0 nmethod 1777 0x00000265ba01b310 code [0x00000265ba01b4a0, 0x00000265ba01b5b8]
Event: 256.326 Thread 0x00000265c4a6e4c0 1778       4       java.lang.AbstractStringBuilder::insert (54 bytes)

GC Heap History (4 events):
Event: 0.756 GC heap before
{Heap before GC invocations=0 (full 0):
 garbage-first heap   total 65536K, used 18432K [0x00000000fc000000, 0x0000000100000000)
  region size 1024K, 13 young (13312K), 0 survivors (0K)
 Metaspace       used 2036K, capacity 5111K, committed 5120K, reserved 1056768K
  class space    used 195K, capacity 509K, committed 512K, reserved 1048576K
}
Event: 0.768 GC heap after
{Heap after GC invocations=1 (full 0):
 garbage-first heap   total 65536K, used 7801K [0x00000000fc000000, 0x0000000100000000)
  region size 1024K, 2 young (2048K), 2 survivors (2048K)
 Metaspace       used 2036K, capacity 5111K, committed 5120K, reserved 1056768K
  class space    used 195K, capacity 509K, committed 512K, reserved 1048576K
}
Event: 1.230 GC heap before
{Heap before GC invocations=1 (full 0):
 garbage-first heap   total 65536K, used 19065K [0x00000000fc000000, 0x0000000100000000)
  region size 1024K, 13 young (13312K), 2 survivors (2048K)
 Metaspace       used 5187K, capacity 7351K, committed 7680K, reserved 1056768K
  class space    used 682K, capacity 913K, committed 1024K, reserved 1048576K
}
Event: 1.234 GC heap after
{Heap after GC invocations=2 (full 0):
 garbage-first heap   total 65536K, used 9264K [0x00000000fc000000, 0x0000000100000000)
  region size 1024K, 2 young (2048K), 2 survivors (2048K)
 Metaspace       used 5187K, capacity 7351K, committed 7680K, reserved 1056768K
  class space    used 682K, capacity 913K, committed 1024K, reserved 1048576K
}

Deoptimization events (20 events):
Event: 69.406 Thread 0x00000265c55ba3e0 Uncommon trap: trap_request=0xffffffc6 fr.pc=0x00000265ba00541c relative=0x00000000000002dc
Event: 69.406 Thread 0x00000265c55ba3e0 Uncommon trap: reason=bimorphic_or_optimized_type_check action=maybe_recompile pc=0x00000265ba00541c method=java.util.HashMap.getNode(Ljava/lang/Object;)Ljava/util/HashMap$Node; @ 128 c2
Event: 69.406 Thread 0x00000265c55ba3e0 DEOPT PACKING pc=0x00000265ba00541c sp=0x0000006e0a3fe7a0
Event: 69.406 Thread 0x00000265c55ba3e0 DEOPT UNPACKING pc=0x00000265b250e42f sp=0x0000006e0a3fe718 mode 2
Event: 69.406 Thread 0x00000265c55ba3e0 Uncommon trap: trap_request=0xffffffc6 fr.pc=0x00000265ba00541c relative=0x00000000000002dc
Event: 69.406 Thread 0x00000265c55ba3e0 Uncommon trap: reason=bimorphic_or_optimized_type_check action=maybe_recompile pc=0x00000265ba00541c method=java.util.HashMap.getNode(Ljava/lang/Object;)Ljava/util/HashMap$Node; @ 128 c2
Event: 69.406 Thread 0x00000265c55ba3e0 DEOPT PACKING pc=0x00000265ba00541c sp=0x0000006e0a3fe7a0
Event: 69.406 Thread 0x00000265c55ba3e0 DEOPT UNPACKING pc=0x00000265b250e42f sp=0x0000006e0a3fe718 mode 2
Event: 69.406 Thread 0x00000265c55ba3e0 Uncommon trap: trap_request=0xffffffc6 fr.pc=0x00000265ba00541c relative=0x00000000000002dc
Event: 69.406 Thread 0x00000265c55ba3e0 Uncommon trap: reason=bimorphic_or_optimized_type_check action=maybe_recompile pc=0x00000265ba00541c method=java.util.HashMap.getNode(Ljava/lang/Object;)Ljava/util/HashMap$Node; @ 128 c2
Event: 69.406 Thread 0x00000265c55ba3e0 DEOPT PACKING pc=0x00000265ba00541c sp=0x0000006e0a3fe7a0
Event: 69.406 Thread 0x00000265c55ba3e0 DEOPT UNPACKING pc=0x00000265b250e42f sp=0x0000006e0a3fe718 mode 2
Event: 69.562 Thread 0x00000265c55ba3e0 Uncommon trap: trap_request=0xffffff45 fr.pc=0x00000265ba004a90 relative=0x00000000000003d0
Event: 69.562 Thread 0x00000265c55ba3e0 Uncommon trap: reason=unstable_if action=reinterpret pc=0x00000265ba004a90 method=java.io.PrintStream.write(I)V @ 19 c2
Event: 69.562 Thread 0x00000265c55ba3e0 DEOPT PACKING pc=0x00000265ba004a90 sp=0x0000006e0a3fe780
Event: 69.562 Thread 0x00000265c55ba3e0 DEOPT UNPACKING pc=0x00000265b250e42f sp=0x0000006e0a3fe6f0 mode 2
Event: 71.323 Thread 0x00000265c55ba3e0 Uncommon trap: trap_request=0xffffff45 fr.pc=0x00000265ba0043e0 relative=0x00000000000001c0
Event: 71.323 Thread 0x00000265c55ba3e0 Uncommon trap: reason=unstable_if action=reinterpret pc=0x00000265ba0043e0 method=java.io.BufferedOutputStream.write(I)V @ 9 c2
Event: 71.323 Thread 0x00000265c55ba3e0 DEOPT PACKING pc=0x00000265ba0043e0 sp=0x0000006e0a3fe6f0
Event: 71.323 Thread 0x00000265c55ba3e0 DEOPT UNPACKING pc=0x00000265b250e42f sp=0x0000006e0a3fe698 mode 2

Classes unloaded (0 events):
No events

Classes redefined (0 events):
No events

Internal exceptions (20 events):
Event: 1.004 Thread 0x00000265a8a70640 Exception <a 'java/lang/NoSuchMethodError'{0x00000000ffa477d0}: 'java.lang.Object java.lang.invoke.DirectMethodHandle$Holder.invokeVirtual(java.lang.Object, java.lang.Object, java.lang.Object, java.lang.Object, java.lang.Object)'> (0x00000000ffa477d0) 
thrown [./open/src/hotspot/share/interpreter/linkResolver.cpp, line 782]
Event: 1.147 Thread 0x00000265a8a70640 Exception <a 'java/lang/NoSuchMethodError'{0x00000000ff7bbce8}: 'java.lang.Object java.lang.invoke.Invokers$Holder.invoker(java.lang.Object, java.lang.Object, java.lang.Object, java.lang.Object, java.lang.Object)'> (0x00000000ff7bbce8) 
thrown [./open/src/hotspot/share/interpreter/linkResolver.cpp, line 782]
Event: 1.153 Thread 0x00000265a8a70640 Exception <a 'java/lang/NoSuchMethodError'{0x00000000ff7c62c8}: 'java.lang.Object java.lang.invoke.DirectMethodHandle$Holder.invokeStatic(java.lang.Object, java.lang.Object, int)'> (0x00000000ff7c62c8) 
thrown [./open/src/hotspot/share/interpreter/linkResolver.cpp, line 782]
Event: 1.156 Thread 0x00000265a8a70640 Exception <a 'java/lang/NoSuchMethodError'{0x00000000ff7d2888}: 'void java.lang.invoke.DelegatingMethodHandle$Holder.delegate(java.lang.Object, java.lang.Object, int, java.lang.Object)'> (0x00000000ff7d2888) 
thrown [./open/src/hotspot/share/interpreter/linkResolver.cpp, line 782]
Event: 1.157 Thread 0x00000265a8a70640 Exception <a 'java/lang/NoSuchMethodError'{0x00000000ff7d6d90}: 'int java.lang.invoke.DirectMethodHandle$Holder.invokeSpecial(java.lang.Object, java.lang.Object, java.lang.Object)'> (0x00000000ff7d6d90) 
thrown [./open/src/hotspot/share/interpreter/linkResolver.cpp, line 782]
Event: 1.165 Thread 0x00000265a8a70640 Exception <a 'java/lang/NoSuchMethodError'{0x00000000ff7f2300}: 'java.lang.Object java.lang.invoke.Invokers$Holder.invokeExact_MT(java.lang.Object, java.lang.Object, java.lang.Object, java.lang.Object)'> (0x00000000ff7f2300) 
thrown [./open/src/hotspot/share/interpreter/linkResolver.cpp, line 782]
Event: 1.237 Thread 0x00000265a8a70640 Implicit null exception at 0x00000265b9fd3593 to 0x00000265b9fd398c
Event: 1.237 Thread 0x00000265a8a70640 Implicit null exception at 0x00000265b9fd0f93 to 0x00000265b9fd1394
Event: 1.263 Thread 0x00000265a8a70640 Exception <a 'java/lang/NoSuchMethodError'{0x00000000ffe46a20}: 'java.lang.Object java.lang.invoke.DirectMethodHandle$Holder.invokeStatic(java.lang.Object)'> (0x00000000ffe46a20) 
thrown [./open/src/hotspot/share/interpreter/linkResolver.cpp, line 782]
Event: 1.264 Thread 0x00000265a8a70640 Exception <a 'java/lang/NoSuchMethodError'{0x00000000ffe4a338}: 'java.lang.Object java.lang.invoke.DirectMethodHandle$Holder.invokeStaticInit(java.lang.Object)'> (0x00000000ffe4a338) 
thrown [./open/src/hotspot/share/interpreter/linkResolver.cpp, line 782]
Event: 1.287 Thread 0x00000265a8a70640 Exception <a 'java/lang/NoSuchMethodError'{0x00000000ffe8b350}: 'java.lang.Object java.lang.invoke.DirectMethodHandle$Holder.invokeInterface(java.lang.Object, java.lang.Object)'> (0x00000000ffe8b350) 
thrown [./open/src/hotspot/share/interpreter/linkResolver.cpp, line 782]
Event: 1.288 Thread 0x00000265a8a70640 Exception <a 'java/lang/NoSuchMethodError'{0x00000000ffe93e20}: 'java.lang.Object java.lang.invoke.DirectMethodHandle$Holder.invokeStaticInit(java.lang.Object, java.lang.Object, java.lang.Object)'> (0x00000000ffe93e20) 
thrown [./open/src/hotspot/share/interpreter/linkResolver.cpp, line 782]
Event: 1.407 Thread 0x00000265a8a70640 Exception <a 'java/lang/NoSuchMethodError'{0x00000000ff90cee8}: 'java.lang.Object java.lang.invoke.DirectMethodHandle$Holder.invokeStaticInit(java.lang.Object, int, int, int, int)'> (0x00000000ff90cee8) 
thrown [./open/src/hotspot/share/interpreter/linkResolver.cpp, line 782]
Event: 1.486 Thread 0x00000265a8a70640 Exception <a 'java/lang/NoSuchMethodError'{0x00000000ff9cad70}: 'java.lang.Object java.lang.invoke.DirectMethodHandle$Holder.invokeStaticInit(java.lang.Object, java.lang.Object, int, int, int, int)'> (0x00000000ff9cad70) 
thrown [./open/src/hotspot/share/interpreter/linkResolver.cpp, line 782]
Event: 1.610 Thread 0x00000265a8a70640 Exception <a 'java/lang/NoSuchMethodError'{0x00000000ff9f9698}: 'void java.lang.invoke.DirectMethodHandle$Holder.invokeStatic(java.lang.Object, java.lang.Object, java.lang.Object)'> (0x00000000ff9f9698) 
thrown [./open/src/hotspot/share/interpreter/linkResolver.cpp, line 782]
Event: 1.822 Thread 0x00000265c57cf220 Exception <a 'java/lang/NoSuchMethodError'{0x00000000ff2f4338}: 'void java.lang.invoke.DirectMethodHandle$Holder.invokeStatic(java.lang.Object, long)'> (0x00000000ff2f4338) 
thrown [./open/src/hotspot/share/interpreter/linkResolver.cpp, line 782]
Event: 1.824 Thread 0x00000265c57cf220 Exception <a 'java/lang/NoSuchMethodError'{0x00000000ff2f9ef8}: 'java.lang.Object java.lang.invoke.DirectMethodHandle$Holder.newInvokeSpecial(java.lang.Object, long)'> (0x00000000ff2f9ef8) 
thrown [./open/src/hotspot/share/interpreter/linkResolver.cpp, line 782]
Event: 1.831 Thread 0x00000265c57cf220 Exception <a 'java/lang/NoSuchMethodError'{0x00000000ff1056b8}: 'java.lang.Object java.lang.invoke.DirectMethodHandle$Holder.invokeStaticInit(java.lang.Object, java.lang.Object, long, java.lang.Object)'> (0x00000000ff1056b8) 
thrown [./open/src/hotspot/share/interpreter/linkResolver.cpp, line 782]
Event: 1.832 Thread 0x00000265c57cf220 Exception <a 'java/lang/NoSuchMethodError'{0x00000000ff10c1d0}: 'java.lang.Object java.lang.invoke.DirectMethodHandle$Holder.newInvokeSpecial(java.lang.Object, java.lang.Object, long)'> (0x00000000ff10c1d0) 
thrown [./open/src/hotspot/share/interpreter/linkResolver.cpp, line 782]
Event: 1.833 Thread 0x00000265c57cf220 Exception <a 'java/lang/NoSuchMethodError'{0x00000000ff1105c0}: 'java.lang.Object java.lang.invoke.Invokers$Holder.linkToTargetMethod(java.lang.Object, long, java.lang.Object)'> (0x00000000ff1105c0) 
thrown [./open/src/hotspot/share/interpreter/linkResolver.cpp, line 782]

Events (20 events):
Event: 69.455 loading class java/io/ObjectInputStream$HandleTable$HandleList
Event: 69.455 loading class java/io/ObjectInputStream$HandleTable$HandleList done
Event: 69.455 loading class java/io/ObjectInputStream$ValidationList
Event: 69.455 loading class java/io/ObjectInputStream$ValidationList done
Event: 69.455 loading class java/io/ObjectInputFilter$Config
Event: 69.455 loading class java/io/ObjectInputFilter$Config done
Event: 69.455 loading class java/io/ObjectInputFilter
Event: 69.455 loading class java/io/ObjectInputFilter done
Event: 69.456 loading class jdk/internal/access/JavaObjectInputFilterAccess
Event: 69.456 loading class jdk/internal/access/JavaObjectInputFilterAccess done
Event: 69.457 loading class java/io/Bits
Event: 69.457 loading class java/io/Bits done
Event: 69.706 Executing VM operation: HandshakeAllThreads
Event: 69.706 Executing VM operation: HandshakeAllThreads done
Event: 71.722 Executing VM operation: HandshakeAllThreads
Event: 71.722 Executing VM operation: HandshakeAllThreads done
Event: 76.744 Executing VM operation: HandshakeAllThreads
Event: 76.745 Executing VM operation: HandshakeAllThreads done
Event: 77.759 Executing VM operation: HandshakeAllThreads
Event: 77.759 Executing VM operation: HandshakeAllThreads done


Dynamic libraries:
0x00007ff666840000 - 0x00007ff66684f000 	C:\Program Files\Java\jdk-15.0.2\bin\java.exe
0x00007ffb86a90000 - 0x00007ffb86c85000 	C:\Windows\SYSTEM32\ntdll.dll
0x00007ffb85e10000 - 0x00007ffb85ecd000 	C:\Windows\System32\KERNEL32.DLL
0x00007ffb84220000 - 0x00007ffb844e8000 	C:\Windows\System32\KERNELBASE.dll
0x00007ffb84940000 - 0x00007ffb84a40000 	C:\Windows\System32\ucrtbase.dll
0x00007ffb76f10000 - 0x00007ffb76f29000 	C:\Program Files\Java\jdk-15.0.2\bin\VCRUNTIME140.dll
0x00007ffb7c1b0000 - 0x00007ffb7c1c8000 	C:\Program Files\Java\jdk-15.0.2\bin\jli.dll
0x00007ffb86150000 - 0x00007ffb861fc000 	C:\Windows\System32\ADVAPI32.dll
0x00007ffb84af0000 - 0x00007ffb84b8e000 	C:\Windows\System32\msvcrt.dll
0x00007ffb85b40000 - 0x00007ffb85bdb000 	C:\Windows\System32\sechost.dll
0x00007ffb865c0000 - 0x00007ffb866eb000 	C:\Windows\System32\RPCRT4.dll
0x00007ffb86200000 - 0x00007ffb863a0000 	C:\Windows\System32\USER32.dll
0x00007ffb70480000 - 0x00007ffb7071a000 	C:\Windows\WinSxS\amd64_microsoft.windows.common-controls_6595b64144ccf1df_6.0.19041.844_none_ca00b6081b84eb1d\COMCTL32.dll
0x00007ffb84570000 - 0x00007ffb84592000 	C:\Windows\System32\win32u.dll
0x00007ffb85010000 - 0x00007ffb8503a000 	C:\Windows\System32\GDI32.dll
0x00007ffb84760000 - 0x00007ffb8486b000 	C:\Windows\System32\gdi32full.dll
0x00007ffb732a0000 - 0x00007ffb732aa000 	C:\Windows\SYSTEM32\VERSION.dll
0x00007ffb848a0000 - 0x00007ffb8493d000 	C:\Windows\System32\msvcp_win.dll
0x00007ffb851c0000 - 0x00007ffb851f0000 	C:\Windows\System32\IMM32.DLL
0x00007ffb7c1a0000 - 0x00007ffb7c1ac000 	C:\Program Files\Java\jdk-15.0.2\bin\vcruntime140_1.dll
0x00007ffb64d70000 - 0x00007ffb64e01000 	C:\Program Files\Java\jdk-15.0.2\bin\msvcp140.dll
0x00007ffb30fd0000 - 0x00007ffb31b2e000 	C:\Program Files\Java\jdk-15.0.2\bin\server\jvm.dll
0x00007ffb860c0000 - 0x00007ffb860c8000 	C:\Windows\System32\PSAPI.DLL
0x00007ffb69bc0000 - 0x00007ffb69be7000 	C:\Windows\SYSTEM32\WINMM.dll
0x00007ffb74860000 - 0x00007ffb74869000 	C:\Windows\SYSTEM32\WSOCK32.dll
0x00007ffb85cf0000 - 0x00007ffb85d5b000 	C:\Windows\System32\WS2_32.dll
0x00007ffb82a60000 - 0x00007ffb82a72000 	C:\Windows\SYSTEM32\kernel.appcore.dll
0x00007ffb7c0b0000 - 0x00007ffb7c0ba000 	C:\Program Files\Java\jdk-15.0.2\bin\jimage.dll
0x00007ffb72120000 - 0x00007ffb72304000 	C:\Windows\SYSTEM32\DBGHELP.DLL
0x00007ffb720f0000 - 0x00007ffb7211c000 	C:\Windows\SYSTEM32\dbgcore.DLL
0x00007ffb844f0000 - 0x00007ffb84570000 	C:\Windows\System32\bcryptPrimitives.dll
0x00007ffb65ff0000 - 0x00007ffb66015000 	C:\Program Files\Java\jdk-15.0.2\bin\java.dll
0x00007ffb85310000 - 0x00007ffb85a52000 	C:\Windows\System32\SHELL32.dll
0x00007ffb82260000 - 0x00007ffb829f1000 	C:\Windows\SYSTEM32\windows.storage.dll
0x00007ffb866f0000 - 0x00007ffb86a45000 	C:\Windows\System32\combase.dll
0x00007ffb83b70000 - 0x00007ffb83b9c000 	C:\Windows\SYSTEM32\Wldp.dll
0x00007ffb85110000 - 0x00007ffb851be000 	C:\Windows\System32\SHCORE.dll
0x00007ffb85c70000 - 0x00007ffb85cc5000 	C:\Windows\System32\shlwapi.dll
0x00007ffb84110000 - 0x00007ffb8412f000 	C:\Windows\SYSTEM32\profapi.dll
0x00007ffb6ef30000 - 0x00007ffb6ef49000 	C:\Program Files\Java\jdk-15.0.2\bin\net.dll
0x00007ffb7b380000 - 0x00007ffb7b48b000 	C:\Windows\SYSTEM32\WINHTTP.dll
0x00007ffb83950000 - 0x00007ffb839ba000 	C:\Windows\system32\mswsock.dll
0x00007ffb6aef0000 - 0x00007ffb6af02000 	C:\Program Files\Java\jdk-15.0.2\bin\nio.dll
0x00007ffb6adf0000 - 0x00007ffb6ae08000 	C:\Program Files\Java\jdk-15.0.2\bin\zip.dll
0x00007ffb75700000 - 0x00007ffb75710000 	C:\Program Files\Java\jdk-15.0.2\bin\verify.dll
0x00007ffb693b0000 - 0x00007ffb693d6000 	C:\Users\hp\.gradle\native\fdc75f09e3144964f2cf3f50f0aa648679c211496f362492102eb8c894070792\windows-amd64\native-platform.dll
0x00007ffb52580000 - 0x00007ffb52711000 	C:\Users\hp\.gradle\native\12488b8bf47d2d4c9fbf2f6322a914ad602e24e48041cd04a747c6da556b65c4\windows-amd64\native-platform-file-events.dll
0x00007ffb72340000 - 0x00007ffb7234a000 	C:\Users\hp\.gradle\native\jansi\1.18\windows64\jansi.dll
0x00007ffb70a90000 - 0x00007ffb70a99000 	C:\Program Files\Java\jdk-15.0.2\bin\management.dll
0x00007ffb70a20000 - 0x00007ffb70a2b000 	C:\Program Files\Java\jdk-15.0.2\bin\management_ext.dll
0x00007ffb83ec0000 - 0x00007ffb83ed8000 	C:\Windows\SYSTEM32\CRYPTSP.dll
0x00007ffb832a0000 - 0x00007ffb832d4000 	C:\Windows\system32\rsaenh.dll
0x00007ffb84870000 - 0x00007ffb84897000 	C:\Windows\System32\bcrypt.dll
0x00007ffb840d0000 - 0x00007ffb840fe000 	C:\Windows\SYSTEM32\USERENV.dll
0x00007ffb83ad0000 - 0x00007ffb83adc000 	C:\Windows\SYSTEM32\CRYPTBASE.dll
0x00007ffb83610000 - 0x00007ffb8364b000 	C:\Windows\SYSTEM32\IPHLPAPI.DLL
0x00007ffb85000000 - 0x00007ffb85008000 	C:\Windows\System32\NSI.dll
0x00007ffb77be0000 - 0x00007ffb77bf7000 	C:\Windows\SYSTEM32\dhcpcsvc6.DLL
0x00007ffb79370000 - 0x00007ffb7938d000 	C:\Windows\SYSTEM32\dhcpcsvc.DLL
0x00007ffb83650000 - 0x00007ffb8371c000 	C:\Windows\SYSTEM32\DNSAPI.dll
0x00007ffb7bca0000 - 0x00007ffb7bcab000 	C:\Windows\SYSTEM32\WINNSI.DLL

dbghelp: loaded successfully - version: 4.0.5 - missing functions: none
symbol engine: initialized successfully - sym options: 0x614 - pdb path: .;C:\Program Files\Java\jdk-15.0.2\bin;C:\Windows\SYSTEM32;C:\Windows\WinSxS\amd64_microsoft.windows.common-controls_6595b64144ccf1df_6.0.19041.844_none_ca00b6081b84eb1d;C:\Program Files\Java\jdk-15.0.2\bin\server;C:\Users\hp\.gradle\native\fdc75f09e3144964f2cf3f50f0aa648679c211496f362492102eb8c894070792\windows-amd64;C:\Users\hp\.gradle\native\12488b8bf47d2d4c9fbf2f6322a914ad602e24e48041cd04a747c6da556b65c4\windows-amd64;C:\Users\hp\.gradle\native\jansi\1.18\windows64

VM Arguments:
jvm_args: -Xmx64m -Xms64m -Dorg.gradle.appname=gradlew 
java_command: org.gradle.wrapper.GradleWrapperMain AssembleRelease
java_class_path (initial): D:\personal\Violet Automation\study\reactnative\Dialer\android\\gradle\wrapper\gradle-wrapper.jar
Launcher Type: SUN_STANDARD

[Global flags]
     intx CICompilerCount                          = 3                                         {product} {ergonomic}
     uint ConcGCThreads                            = 1                                         {product} {ergonomic}
     uint G1ConcRefinementThreads                  = 4                                         {product} {ergonomic}
   size_t G1HeapRegionSize                         = 1048576                                   {product} {ergonomic}
    uintx GCDrainStackTargetSize                   = 64                                        {product} {ergonomic}
   size_t InitialHeapSize                          = 67108864                                  {product} {command line}
   size_t MarkStackSize                            = 4194304                                   {product} {ergonomic}
   size_t MaxHeapSize                              = 67108864                                  {product} {command line}
   size_t MaxNewSize                               = 39845888                                  {product} {ergonomic}
   size_t MinHeapDeltaBytes                        = 1048576                                   {product} {ergonomic}
   size_t MinHeapSize                              = 67108864                                  {product} {command line}
    uintx NonNMethodCodeHeapSize                   = 5832780                                {pd product} {ergonomic}
    uintx NonProfiledCodeHeapSize                  = 122912730                              {pd product} {ergonomic}
    uintx ProfiledCodeHeapSize                     = 122912730                              {pd product} {ergonomic}
    uintx ReservedCodeCacheSize                    = 251658240                              {pd product} {ergonomic}
     bool SegmentedCodeCache                       = true                                      {product} {ergonomic}
   size_t SoftMaxHeapSize                          = 67108864                               {manageable} {ergonomic}
     bool UseCompressedClassPointers               = true                                 {lp64_product} {ergonomic}
     bool UseCompressedOops                        = true                                 {lp64_product} {ergonomic}
     bool UseG1GC                                  = true                                      {product} {ergonomic}
     bool UseLargePagesIndividualAllocation        = false                                  {pd product} {ergonomic}

Logging:
Log output configuration:
 #0: stdout all=warning uptime,level,tags
 #1: stderr all=off uptime,level,tags

Environment Variables:
CLASSPATH=D:\personal\Violet Automation\study\reactnative\Dialer\android\\gradle\wrapper\gradle-wrapper.jar
PATH=C:\Python39\Scripts\;C:\Python39\;C:\Program Files\Common Files\Oracle\Java\javapath;C:\ProgramData\Oracle\Java\javapath;C:\Windows\system32;C:\Windows;C:\Windows\System32\Wbem;C:\Windows\System32\WindowsPowerShell\v1.0\;C:\Windows\System32\OpenSSH\;C:\Program Files\PuTTY\;C:\Users\hp\AppData\Local\Android\Sdk\platform-tools;C:\Program Files (x86)\Microsoft SQL Server\90\Tools\binn\;C:\Program Files (x86)\HP\Common\HPDestPlgIn\;C:\Program Files\Microsoft VS Code\bin;C:\Program Files\nodejs\;C:\ProgramData\chocolatey\bin;C:\Program Files\Git\cmd;C:\Users\hp\AppData\Local\Microsoft\WindowsApps;C:\Program Files\Microsoft VS Code\bin;C:\Users\hp\AppData\Local\Android\Sdk\platform-tools;C:\Program Files (x86)\HP\Common\HPDestPlgIn\;C:\Users\hp\AppData\Roaming\npm
USERNAME=hp
LANG=en_US.UTF-8
OS=Windows_NT
PROCESSOR_IDENTIFIER=Intel64 Family 6 Model 58 Stepping 9, GenuineIntel



---------------  S Y S T E M  ---------------

OS:
 Windows 10 , 64 bit Build 19041 (10.0.19041.928)
OS uptime: 16 days 4:30 hours
HyperV virtualization detected

CPU: total 4 (initial active 4) (2 cores per cpu, 2 threads per core) family 6 model 58 stepping 9 microcode 0x21, cmov, cx8, fxsr, mmx, sse, sse2, sse3, ssse3, sse4.1, sse4.2, popcnt, vzeroupper, avx, aes, clmul, erms, ht, tsc, tscinvbit, tscinv, clflush

Memory: 4k page, system-wide physical 10103M (919M free)
TotalPageFile size 25302M (AvailPageFile size 276M)
current process WorkingSet (physical memory assigned to process): 82M, peak: 83M
current process commit charge ("private bytes"): 155M, peak: 157M

vm_info: Java HotSpot(TM) 64-Bit Server VM (15.0.2+7-27) for windows-amd64 JRE (15.0.2+7-27), built on Dec  7 2020 20:07:01 by "mach5one" with unknown MS VC++:1925

END.
