#
# There is insufficient memory for the Java Runtime Environment to continue.
# Native memory allocation (malloc) failed to allocate 64336 bytes for Chunk::new
# Possible reasons:
#   The system is out of physical RAM or swap space
#   The process is running with CompressedOops enabled, and the Java Heap may be blocking the growth of the native heap
# Possible solutions:
#   Reduce memory load on the system
#   Increase physical memory or swap space
#   Check if swap backing store is full
#   Decrease Java heap size (-Xmx/-Xms)
#   Decrease number of Java threads
#   Decrease Java thread stack sizes (-Xss)
#   Set larger code cache with -XX:ReservedCodeCacheSize=
#   JVM is running with Unscaled Compressed Oops mode in which the Java heap is
#     placed in the first 4GB address space. The Java Heap base address is the
#     maximum limit for the native heap growth. Please use -XX:HeapBaseMinAddress
#     to set the Java Heap base and to place the Java Heap above 4GB virtual address.
# This output file may be truncated or incomplete.
#
#  Out of Memory Error (./open/src/hotspot/share/memory/arena.cpp:195), pid=50864, tid=19676
#
# JRE version: Java(TM) SE Runtime Environment (15.0.2+7) (build 15.0.2+7-27)
# Java VM: Java HotSpot(TM) 64-Bit Server VM (15.0.2+7-27, mixed mode, sharing, tiered, compressed oops, g1 gc, windows-amd64)
# No core dump will be written. Minidumps are not enabled by default on client versions of Windows
#

---------------  S U M M A R Y ------------

Command Line: --add-opens=java.base/java.util=ALL-UNNAMED --add-opens=java.base/java.lang=ALL-UNNAMED --add-opens=java.base/java.lang.invoke=ALL-UNNAMED --add-opens=java.prefs/java.util.prefs=ALL-UNNAMED -XX:MaxMetaspaceSize=256m -XX:+HeapDumpOnOutOfMemoryError -Xms256m -Xmx512m -Dfile.encoding=windows-1252 -Duser.country=IN -Duser.language=en -Duser.variant org.gradle.launcher.daemon.bootstrap.GradleDaemon 6.7.1

Host: Intel(R) Core(TM) i7-3687U CPU @ 2.10GHz, 4 cores, 9G,  Windows 10 , 64 bit Build 19041 (10.0.19041.928)
Time: Sun May 23 20:45:41 2021 India Standard Time elapsed time: 255.888242 seconds (0d 0h 4m 15s)

---------------  T H R E A D  ---------------

Current thread (0x000002564c91e5f0):  JavaThread "C2 CompilerThread0" daemon [_thread_in_native, id=19676, stack(0x000000f4bf700000,0x000000f4bf800000)]


Current CompileTask:
C2: 255888 12782 %     4       sun.nio.cs.SingleByte$Decoder::decodeArrayLoop @ 88 (154 bytes)

Stack: [0x000000f4bf700000,0x000000f4bf800000]
Native frames: (J=compiled Java code, j=interpreted, Vv=VM code, C=native code)
V  [jvm.dll+0x62ae9a]
V  [jvm.dll+0x7817a9]
V  [jvm.dll+0x782f03]
V  [jvm.dll+0x783563]
V  [jvm.dll+0x216325]
V  [jvm.dll+0x97f3a]
V  [jvm.dll+0x9861c]
V  [jvm.dll+0x279f9f]
V  [jvm.dll+0x540794]
V  [jvm.dll+0x1f2cd4]
V  [jvm.dll+0x1ec477]
V  [jvm.dll+0x1e9867]
V  [jvm.dll+0x178567]
V  [jvm.dll+0x1f9225]
V  [jvm.dll+0x1f72cc]
V  [jvm.dll+0x74495d]
V  [jvm.dll+0x73d75a]
V  [jvm.dll+0x629c56]
C  [ucrtbase.dll+0x21bb2]
C  [KERNEL32.DLL+0x17034]
C  [ntdll.dll+0x52651]


---------------  P R O C E S S  ---------------

Threads class SMR info:
_java_thread_list=0x0000025653417a40, length=44, elements={
0x0000025631f03fc0, 0x000002564c8f6ef0, 0x000002564c8f8170, 0x000002564c911ce0,
0x000002564c9136b0, 0x000002564c916820, 0x000002564c91e5f0, 0x000002564c9225a0,
0x000002564c925b90, 0x000002564d34bd60, 0x000002564d358230, 0x000002564ed510e0,
0x000002564f069ae0, 0x000002564e6294b0, 0x000002564e68cc40, 0x000002564edbe3d0,
0x000002564ed9fe30, 0x000002564f278ee0, 0x000002564e9ea030, 0x000002564e9ea500,
0x000002564f18ba10, 0x000002564f18bee0, 0x000002564f18b070, 0x000002564f18c3b0,
0x000002564f18b540, 0x000002564f18c880, 0x0000025651191060, 0x0000025651195890,
0x0000025651197a40, 0x00000256511936e0, 0x0000025651194ef0, 0x0000025651193bb0,
0x00000256511988b0, 0x0000025651196700, 0x0000025651192870, 0x00000256515b8af0,
0x00000256515bbb10, 0x00000256536df870, 0x00000256536dfd40, 0x00000256536e1ef0,
0x00000256536e3bd0, 0x00000256536ddb90, 0x00000256536e23c0, 0x00000256536e1a20
}

Java Threads: ( => current thread )
  0x0000025631f03fc0 JavaThread "main" [_thread_blocked, id=48320, stack(0x000000f4beb00000,0x000000f4bec00000)]
  0x000002564c8f6ef0 JavaThread "Reference Handler" daemon [_thread_blocked, id=41272, stack(0x000000f4bf200000,0x000000f4bf300000)]
  0x000002564c8f8170 JavaThread "Finalizer" daemon [_thread_blocked, id=51472, stack(0x000000f4bf300000,0x000000f4bf400000)]
  0x000002564c911ce0 JavaThread "Signal Dispatcher" daemon [_thread_blocked, id=41328, stack(0x000000f4bf400000,0x000000f4bf500000)]
  0x000002564c9136b0 JavaThread "Attach Listener" daemon [_thread_blocked, id=51624, stack(0x000000f4bf500000,0x000000f4bf600000)]
  0x000002564c916820 JavaThread "Service Thread" daemon [_thread_blocked, id=50760, stack(0x000000f4bf600000,0x000000f4bf700000)]
=>0x000002564c91e5f0 JavaThread "C2 CompilerThread0" daemon [_thread_in_native, id=19676, stack(0x000000f4bf700000,0x000000f4bf800000)]
  0x000002564c9225a0 JavaThread "C1 CompilerThread0" daemon [_thread_blocked, id=52460, stack(0x000000f4bf800000,0x000000f4bf900000)]
  0x000002564c925b90 JavaThread "Sweeper thread" daemon [_thread_blocked, id=44332, stack(0x000000f4bf900000,0x000000f4bfa00000)]
  0x000002564d34bd60 JavaThread "Common-Cleaner" daemon [_thread_blocked, id=34336, stack(0x000000f4bfa00000,0x000000f4bfb00000)]
  0x000002564d358230 JavaThread "Notification Thread" daemon [_thread_blocked, id=48388, stack(0x000000f4bfb00000,0x000000f4bfc00000)]
  0x000002564ed510e0 JavaThread "Daemon health stats" [_thread_blocked, id=28800, stack(0x000000f4c0100000,0x000000f4c0200000)]
  0x000002564f069ae0 JavaThread "Incoming local TCP Connector on port 55373" [_thread_in_native, id=53736, stack(0x000000f4c0400000,0x000000f4c0500000)]
  0x000002564e6294b0 JavaThread "Daemon periodic checks" [_thread_blocked, id=51300, stack(0x000000f4c0500000,0x000000f4c0600000)]
  0x000002564e68cc40 JavaThread "Daemon" [_thread_blocked, id=52924, stack(0x000000f4c0600000,0x000000f4c0700000)]
  0x000002564edbe3d0 JavaThread "Handler for socket connection from /127.0.0.1:55373 to /127.0.0.1:55374" [_thread_in_native, id=45744, stack(0x000000f4c0700000,0x000000f4c0800000)]
  0x000002564ed9fe30 JavaThread "Cancel handler" [_thread_blocked, id=47284, stack(0x000000f4c0800000,0x000000f4c0900000)]
  0x000002564f278ee0 JavaThread "Daemon worker" [_thread_blocked, id=40364, stack(0x000000f4c0900000,0x000000f4c0a00000)]
  0x000002564e9ea030 JavaThread "Asynchronous log dispatcher for DefaultDaemonConnection: socket connection from /127.0.0.1:55373 to /127.0.0.1:55374" [_thread_blocked, id=47472, stack(0x000000f4c0a00000,0x000000f4c0b00000)]
  0x000002564e9ea500 JavaThread "Stdin handler" [_thread_blocked, id=48036, stack(0x000000f4c0b00000,0x000000f4c0c00000)]
  0x000002564f18ba10 JavaThread "Thread-8" [_thread_blocked, id=44340, stack(0x000000f4c0c00000,0x000000f4c0d00000)]
  0x000002564f18bee0 JavaThread "Cache worker for file hash cache (C:\Users\hp\.gradle\caches\6.7.1\fileHashes)" [_thread_blocked, id=46516, stack(0x000000f4c0d00000,0x000000f4c0e00000)]
  0x000002564f18b070 JavaThread "File lock request listener" [_thread_in_native, id=48916, stack(0x000000f4c0e00000,0x000000f4c0f00000)]
  0x000002564f18c3b0 JavaThread "Cache worker for journal cache (C:\Users\hp\.gradle\caches\journal-1)" [_thread_blocked, id=52540, stack(0x000000f4c0f00000,0x000000f4c1000000)]
  0x000002564f18b540 JavaThread "Cache worker for file hash cache (D:\personal\Violet Automation\study\reactnative\Dialer\android\.gradle\6.7.1\fileHashes)" [_thread_blocked, id=47252, stack(0x000000f4c1000000,0x000000f4c1100000)]
  0x000002564f18c880 JavaThread "Cache worker for checksums cache (D:\personal\Violet Automation\study\reactnative\Dialer\android\.gradle\checksums)" [_thread_blocked, id=27924, stack(0x000000f4c1100000,0x000000f4c1200000)]
  0x0000025651191060 JavaThread "Cache worker for cache directory md-supplier (C:\Users\hp\.gradle\caches\6.7.1\md-supplier)" [_thread_blocked, id=50900, stack(0x000000f4c1200000,0x000000f4c1300000)]
  0x0000025651195890 JavaThread "Cache worker for cache directory md-rule (C:\Users\hp\.gradle\caches\6.7.1\md-rule)" [_thread_blocked, id=45848, stack(0x000000f4bfd00000,0x000000f4bfe00000)]
  0x0000025651197a40 JavaThread "Cache worker for execution history cache (C:\Users\hp\.gradle\caches\6.7.1\executionHistory)" [_thread_blocked, id=54248, stack(0x000000f4c1400000,0x000000f4c1500000)]
  0x00000256511936e0 JavaThread "Cache worker for file content cache (C:\Users\hp\.gradle\caches\6.7.1\fileContent)" [_thread_blocked, id=42844, stack(0x000000f4c1600000,0x000000f4c1700000)]
  0x0000025651194ef0 JavaThread "Cache worker for Build Output Cleanup Cache (D:\personal\Violet Automation\study\reactnative\Dialer\android\.gradle\buildOutputCleanup)" [_thread_blocked, id=53600, stack(0x000000f4c1700000,0x000000f4c1800000)]
  0x0000025651193bb0 JavaThread "Build operations" [_thread_blocked, id=47544, stack(0x000000f4c1800000,0x000000f4c1900000)]
  0x00000256511988b0 JavaThread "Build operations Thread 2" [_thread_blocked, id=49160, stack(0x000000f4c1900000,0x000000f4c1a00000)]
  0x0000025651196700 JavaThread "Build operations Thread 3" [_thread_blocked, id=48344, stack(0x000000f4c1a00000,0x000000f4c1b00000)]
  0x0000025651192870 JavaThread "Build operations Thread 4" [_thread_blocked, id=20712, stack(0x000000f4c1b00000,0x000000f4c1c00000)]
  0x00000256515b8af0 JavaThread "Memory manager" [_thread_blocked, id=50252, stack(0x000000f4c7c00000,0x000000f4c7d00000)]
  0x00000256515bbb10 JavaThread "Cache worker for execution history cache (D:\personal\Violet Automation\study\reactnative\Dialer\android\.gradle\6.7.1\executionHistory)" [_thread_blocked, id=47460, stack(0x000000f4c7f00000,0x000000f4c8000000)]
  0x00000256536df870 JavaThread "build event listener" [_thread_blocked, id=47768, stack(0x000000f4be800000,0x000000f4be900000)]
  0x00000256536dfd40 JavaThread "Execution worker for ':'" [_thread_blocked, id=50192, stack(0x000000f4be900000,0x000000f4bea00000)]
  0x00000256536e1ef0 JavaThread "Execution worker for ':' Thread 2" [_thread_blocked, id=18112, stack(0x000000f4bea00000,0x000000f4beb00000)]
  0x00000256536e3bd0 JavaThread "Execution worker for ':' Thread 3" [_thread_blocked, id=49408, stack(0x000000f4c8000000,0x000000f4c8100000)]
  0x00000256536ddb90 JavaThread "Exec process" [_thread_in_native, id=52900, stack(0x000000f4c1300000,0x000000f4c1400000)]
  0x00000256536e23c0 JavaThread "Exec process Thread 2" [_thread_in_native, id=47008, stack(0x000000f4c8100000,0x000000f4c8200000)]
  0x00000256536e1a20 JavaThread "Exec process Thread 3" [_thread_in_native, id=54004, stack(0x000000f4c8200000,0x000000f4c8300000)]

Other Threads:
  0x000002564c8ede30 VMThread "VM Thread" [stack: 0x000000f4bf100000,0x000000f4bf200000] [id=52392]
  0x000002564d358930 WatcherThread [stack: 0x000000f4bfc00000,0x000000f4bfd00000] [id=48944]
  0x0000025631f2a650 GCTaskThread "GC Thread#0" [stack: 0x000000f4bec00000,0x000000f4bed00000] [id=49528]
  0x000002564d335940 GCTaskThread "GC Thread#1" [stack: 0x000000f4bfe00000,0x000000f4bff00000] [id=47872]
  0x000002564d335c70 GCTaskThread "GC Thread#2" [stack: 0x000000f4bff00000,0x000000f4c0000000] [id=49732]
  0x000002564d3362d0 GCTaskThread "GC Thread#3" [stack: 0x000000f4c0000000,0x000000f4c0100000] [id=52600]
  0x0000025631f2f6b0 ConcurrentGCThread "G1 Main Marker" [stack: 0x000000f4bed00000,0x000000f4bee00000] [id=49484]
  0x0000025631f301b0 ConcurrentGCThread "G1 Conc#0" [stack: 0x000000f4bee00000,0x000000f4bef00000] [id=54188]
  0x0000025631fdd060 ConcurrentGCThread "G1 Refine#0" [stack: 0x000000f4bef00000,0x000000f4bf000000] [id=49016]
  0x0000025652e45380 ConcurrentGCThread "G1 Refine#1" [stack: 0x000000f4c7d00000,0x000000f4c7e00000] [id=53220]
  0x0000025652e467c0 ConcurrentGCThread "G1 Refine#2" [stack: 0x000000f4c7e00000,0x000000f4c7f00000] [id=44792]
  0x0000025631fddb70 ConcurrentGCThread "G1 Young RemSet Sampling" [stack: 0x000000f4bf000000,0x000000f4bf100000] [id=46088]

Threads with active compile tasks:
C2 CompilerThread0   255936 12782 %     4       sun.nio.cs.SingleByte$Decoder::decodeArrayLoop @ 88 (154 bytes)

VM state: not at safepoint (normal execution)

VM Mutex/Monitor currently owned by a thread: None

Heap address: 0x00000000e0000000, size: 512 MB, Compressed Oops mode: 32-bit
CDS archive(s) mapped at: [0x0000000800000000-0x0000000800b50000-0x0000000800b50000), size 11862016, SharedBaseAddress: 0x0000000800000000, ArchiveRelocationMode: 0.
Compressed class space mapped at: 0x0000000800b50000-0x0000000810350000, size: 260046848
Narrow klass base: 0x0000000800000000, Narrow klass shift: 3, Narrow klass range: 0x100000000

GC Precious Log:
 CPUs: 4 total, 4 available
 Memory: 10103M
 Large Page Support: Disabled
 NUMA Support: Disabled
 Compressed Oops: Enabled (32-bit)
 Heap Region Size: 1M
 Heap Min Capacity: 256M
 Heap Initial Capacity: 256M
 Heap Max Capacity: 512M
 Pre-touch: Disabled
 Parallel Workers: 4
 Concurrent Workers: 1
 Concurrent Refinement Workers: 4
 Periodic GC: Disabled

Heap:
 garbage-first heap   total 322560K, used 181295K [0x00000000e0000000, 0x0000000100000000)
  region size 1024K, 20 young (20480K), 11 survivors (11264K)
 Metaspace       used 75763K, capacity 77907K, committed 78128K, reserved 323584K
  class space    used 9827K, capacity 10363K, committed 10368K, reserved 253952K

Heap Regions: E=young(eden), S=young(survivor), O=old, HS=humongous(starts), HC=humongous(continues), CS=collection set, F=free, OA=open archive, CA=closed archive, TAMS=top-at-mark-start (previous, next)
|   0|0x00000000e0000000, 0x00000000e0100000, 0x00000000e0100000|100%| O|  |TAMS 0x00000000e0100000, 0x00000000e0000000| Untracked 
|   1|0x00000000e0100000, 0x00000000e0200000, 0x00000000e0200000|100%| O|  |TAMS 0x00000000e0200000, 0x00000000e0100000| Untracked 
|   2|0x00000000e0200000, 0x00000000e0300000, 0x00000000e0300000|100%| O|  |TAMS 0x00000000e0300000, 0x00000000e0200000| Untracked 
|   3|0x00000000e0300000, 0x00000000e0400000, 0x00000000e0400000|100%|HS|  |TAMS 0x00000000e0400000, 0x00000000e0300000| Complete 
|   4|0x00000000e0400000, 0x00000000e0500000, 0x00000000e0500000|100%|HC|  |TAMS 0x00000000e0500000, 0x00000000e0400000| Complete 
|   5|0x00000000e0500000, 0x00000000e0600000, 0x00000000e0600000|100%|HC|  |TAMS 0x00000000e0600000, 0x00000000e0500000| Complete 
|   6|0x00000000e0600000, 0x00000000e0700000, 0x00000000e0700000|100%| O|  |TAMS 0x00000000e0700000, 0x00000000e0600000| Untracked 
|   7|0x00000000e0700000, 0x00000000e0800000, 0x00000000e0800000|100%| O|  |TAMS 0x00000000e0800000, 0x00000000e0700000| Untracked 
|   8|0x00000000e0800000, 0x00000000e0900000, 0x00000000e0900000|100%| O|  |TAMS 0x00000000e0900000, 0x00000000e0800000| Untracked 
|   9|0x00000000e0900000, 0x00000000e0a00000, 0x00000000e0a00000|100%| O|  |TAMS 0x00000000e0a00000, 0x00000000e0900000| Untracked 
|  10|0x00000000e0a00000, 0x00000000e0b00000, 0x00000000e0b00000|100%|HS|  |TAMS 0x00000000e0b00000, 0x00000000e0a00000| Complete 
|  11|0x00000000e0b00000, 0x00000000e0c00000, 0x00000000e0c00000|100%|HS|  |TAMS 0x00000000e0c00000, 0x00000000e0b00000| Complete 
|  12|0x00000000e0c00000, 0x00000000e0d00000, 0x00000000e0d00000|100%|HC|  |TAMS 0x00000000e0d00000, 0x00000000e0c00000| Complete 
|  13|0x00000000e0d00000, 0x00000000e0e00000, 0x00000000e0e00000|100%| O|  |TAMS 0x00000000e0e00000, 0x00000000e0d00000| Untracked 
|  14|0x00000000e0e00000, 0x00000000e0f00000, 0x00000000e0f00000|100%| O|  |TAMS 0x00000000e0f00000, 0x00000000e0e00000| Untracked 
|  15|0x00000000e0f00000, 0x00000000e1000000, 0x00000000e1000000|100%| O|  |TAMS 0x00000000e1000000, 0x00000000e0f00000| Untracked 
|  16|0x00000000e1000000, 0x00000000e1100000, 0x00000000e1100000|100%| O|  |TAMS 0x00000000e1100000, 0x00000000e1000000| Untracked 
|  17|0x00000000e1100000, 0x00000000e1200000, 0x00000000e1200000|100%| O|  |TAMS 0x00000000e1200000, 0x00000000e1100000| Untracked 
|  18|0x00000000e1200000, 0x00000000e1300000, 0x00000000e1300000|100%| O|  |TAMS 0x00000000e1300000, 0x00000000e1200000| Untracked 
|  19|0x00000000e1300000, 0x00000000e1400000, 0x00000000e1400000|100%| O|  |TAMS 0x00000000e1400000, 0x00000000e1300000| Untracked 
|  20|0x00000000e1400000, 0x00000000e1500000, 0x00000000e1500000|100%| O|  |TAMS 0x00000000e1500000, 0x00000000e1400000| Untracked 
|  21|0x00000000e1500000, 0x00000000e1600000, 0x00000000e1600000|100%| O|  |TAMS 0x00000000e1600000, 0x00000000e1500000| Untracked 
|  22|0x00000000e1600000, 0x00000000e1700000, 0x00000000e1700000|100%| O|  |TAMS 0x00000000e1700000, 0x00000000e1600000| Untracked 
|  23|0x00000000e1700000, 0x00000000e1800000, 0x00000000e1800000|100%| O|  |TAMS 0x00000000e1800000, 0x00000000e1700000| Untracked 
|  24|0x00000000e1800000, 0x00000000e1900000, 0x00000000e1900000|100%| O|  |TAMS 0x00000000e1900000, 0x00000000e1800000| Untracked 
|  25|0x00000000e1900000, 0x00000000e1a00000, 0x00000000e1a00000|100%| O|  |TAMS 0x00000000e1a00000, 0x00000000e1900000| Untracked 
|  26|0x00000000e1a00000, 0x00000000e1b00000, 0x00000000e1b00000|100%| O|  |TAMS 0x00000000e1b00000, 0x00000000e1a00000| Untracked 
|  27|0x00000000e1b00000, 0x00000000e1c00000, 0x00000000e1c00000|100%| O|  |TAMS 0x00000000e1c00000, 0x00000000e1b00000| Untracked 
|  28|0x00000000e1c00000, 0x00000000e1d00000, 0x00000000e1d00000|100%| O|  |TAMS 0x00000000e1d00000, 0x00000000e1c00000| Untracked 
|  29|0x00000000e1d00000, 0x00000000e1e00000, 0x00000000e1e00000|100%| O|  |TAMS 0x00000000e1e00000, 0x00000000e1d00000| Untracked 
|  30|0x00000000e1e00000, 0x00000000e1f00000, 0x00000000e1f00000|100%| O|  |TAMS 0x00000000e1f00000, 0x00000000e1e00000| Untracked 
|  31|0x00000000e1f00000, 0x00000000e2000000, 0x00000000e2000000|100%| O|  |TAMS 0x00000000e2000000, 0x00000000e1f00000| Untracked 
|  32|0x00000000e2000000, 0x00000000e2100000, 0x00000000e2100000|100%| O|  |TAMS 0x00000000e2100000, 0x00000000e2000000| Untracked 
|  33|0x00000000e2100000, 0x00000000e2200000, 0x00000000e2200000|100%| O|  |TAMS 0x00000000e2200000, 0x00000000e2100000| Untracked 
|  34|0x00000000e2200000, 0x00000000e2300000, 0x00000000e2300000|100%| O|  |TAMS 0x00000000e2300000, 0x00000000e2200000| Untracked 
|  35|0x00000000e2300000, 0x00000000e2400000, 0x00000000e2400000|100%| O|  |TAMS 0x00000000e2400000, 0x00000000e2300000| Untracked 
|  36|0x00000000e2400000, 0x00000000e2500000, 0x00000000e2500000|100%| O|  |TAMS 0x00000000e2500000, 0x00000000e2400000| Untracked 
|  37|0x00000000e2500000, 0x00000000e2600000, 0x00000000e2600000|100%| O|  |TAMS 0x00000000e2600000, 0x00000000e2500000| Untracked 
|  38|0x00000000e2600000, 0x00000000e2700000, 0x00000000e2700000|100%| O|  |TAMS 0x00000000e2700000, 0x00000000e2600000| Untracked 
|  39|0x00000000e2700000, 0x00000000e2800000, 0x00000000e2800000|100%| O|  |TAMS 0x00000000e2800000, 0x00000000e2700000| Untracked 
|  40|0x00000000e2800000, 0x00000000e2900000, 0x00000000e2900000|100%| O|  |TAMS 0x00000000e2900000, 0x00000000e2800000| Untracked 
|  41|0x00000000e2900000, 0x00000000e2a00000, 0x00000000e2a00000|100%| O|  |TAMS 0x00000000e2a00000, 0x00000000e2900000| Untracked 
|  42|0x00000000e2a00000, 0x00000000e2b00000, 0x00000000e2b00000|100%| O|  |TAMS 0x00000000e2b00000, 0x00000000e2a00000| Untracked 
|  43|0x00000000e2b00000, 0x00000000e2c00000, 0x00000000e2c00000|100%| O|  |TAMS 0x00000000e2c00000, 0x00000000e2b00000| Untracked 
|  44|0x00000000e2c00000, 0x00000000e2d00000, 0x00000000e2d00000|100%| O|  |TAMS 0x00000000e2d00000, 0x00000000e2c00000| Untracked 
|  45|0x00000000e2d00000, 0x00000000e2e00000, 0x00000000e2e00000|100%| O|  |TAMS 0x00000000e2e00000, 0x00000000e2d00000| Untracked 
|  46|0x00000000e2e00000, 0x00000000e2f00000, 0x00000000e2f00000|100%| O|  |TAMS 0x00000000e2f00000, 0x00000000e2e00000| Untracked 
|  47|0x00000000e2f00000, 0x00000000e3000000, 0x00000000e3000000|100%| O|  |TAMS 0x00000000e3000000, 0x00000000e2f00000| Untracked 
|  48|0x00000000e3000000, 0x00000000e3100000, 0x00000000e3100000|100%| O|  |TAMS 0x00000000e3100000, 0x00000000e3000000| Untracked 
|  49|0x00000000e3100000, 0x00000000e3200000, 0x00000000e3200000|100%| O|  |TAMS 0x00000000e3200000, 0x00000000e3100000| Untracked 
|  50|0x00000000e3200000, 0x00000000e3300000, 0x00000000e3300000|100%| O|  |TAMS 0x00000000e3300000, 0x00000000e3200000| Untracked 
|  51|0x00000000e3300000, 0x00000000e3400000, 0x00000000e3400000|100%| O|  |TAMS 0x00000000e3400000, 0x00000000e3300000| Untracked 
|  52|0x00000000e3400000, 0x00000000e3500000, 0x00000000e3500000|100%| O|  |TAMS 0x00000000e3500000, 0x00000000e3400000| Untracked 
|  53|0x00000000e3500000, 0x00000000e3600000, 0x00000000e3600000|100%| O|  |TAMS 0x00000000e3600000, 0x00000000e3500000| Untracked 
|  54|0x00000000e3600000, 0x00000000e3700000, 0x00000000e3700000|100%| O|  |TAMS 0x00000000e3700000, 0x00000000e3600000| Untracked 
|  55|0x00000000e3700000, 0x00000000e3800000, 0x00000000e3800000|100%| O|  |TAMS 0x00000000e3800000, 0x00000000e3700000| Untracked 
|  56|0x00000000e3800000, 0x00000000e3900000, 0x00000000e3900000|100%| O|  |TAMS 0x00000000e3900000, 0x00000000e3800000| Untracked 
|  57|0x00000000e3900000, 0x00000000e3a00000, 0x00000000e3a00000|100%|HS|  |TAMS 0x00000000e3a00000, 0x00000000e3900000| Complete 
|  58|0x00000000e3a00000, 0x00000000e3b00000, 0x00000000e3b00000|100%|HC|  |TAMS 0x00000000e3b00000, 0x00000000e3a00000| Complete 
|  59|0x00000000e3b00000, 0x00000000e3c00000, 0x00000000e3c00000|100%|HC|  |TAMS 0x00000000e3c00000, 0x00000000e3b00000| Complete 
|  60|0x00000000e3c00000, 0x00000000e3d00000, 0x00000000e3d00000|100%|HS|  |TAMS 0x00000000e3d00000, 0x00000000e3c00000| Complete 
|  61|0x00000000e3d00000, 0x00000000e3e00000, 0x00000000e3e00000|100%|HC|  |TAMS 0x00000000e3e00000, 0x00000000e3d00000| Complete 
|  62|0x00000000e3e00000, 0x00000000e3f00000, 0x00000000e3f00000|100%|HS|  |TAMS 0x00000000e3f00000, 0x00000000e3e00000| Complete 
|  63|0x00000000e3f00000, 0x00000000e4000000, 0x00000000e4000000|100%|HC|  |TAMS 0x00000000e4000000, 0x00000000e3f00000| Complete 
|  64|0x00000000e4000000, 0x00000000e4100000, 0x00000000e4100000|100%|HC|  |TAMS 0x00000000e4100000, 0x00000000e4000000| Complete 
|  65|0x00000000e4100000, 0x00000000e4200000, 0x00000000e4200000|100%| O|  |TAMS 0x00000000e4200000, 0x00000000e4100000| Untracked 
|  66|0x00000000e4200000, 0x00000000e4300000, 0x00000000e4300000|100%| O|  |TAMS 0x00000000e4300000, 0x00000000e4200000| Untracked 
|  67|0x00000000e4300000, 0x00000000e4400000, 0x00000000e4400000|100%| O|  |TAMS 0x00000000e4400000, 0x00000000e4300000| Untracked 
|  68|0x00000000e4400000, 0x00000000e4500000, 0x00000000e4500000|100%| O|  |TAMS 0x00000000e4500000, 0x00000000e4400000| Untracked 
|  69|0x00000000e4500000, 0x00000000e4600000, 0x00000000e4600000|100%| O|  |TAMS 0x00000000e4600000, 0x00000000e4500000| Untracked 
|  70|0x00000000e4600000, 0x00000000e4700000, 0x00000000e4700000|100%| O|  |TAMS 0x00000000e4700000, 0x00000000e4600000| Untracked 
|  71|0x00000000e4700000, 0x00000000e4800000, 0x00000000e4800000|100%| O|  |TAMS 0x00000000e4800000, 0x00000000e4700000| Untracked 
|  72|0x00000000e4800000, 0x00000000e4900000, 0x00000000e4900000|100%| O|  |TAMS 0x00000000e4900000, 0x00000000e4800000| Untracked 
|  73|0x00000000e4900000, 0x00000000e4a00000, 0x00000000e4a00000|100%| O|  |TAMS 0x00000000e4a00000, 0x00000000e4900000| Untracked 
|  74|0x00000000e4a00000, 0x00000000e4b00000, 0x00000000e4b00000|100%| O|  |TAMS 0x00000000e4b00000, 0x00000000e4a00000| Untracked 
|  75|0x00000000e4b00000, 0x00000000e4c00000, 0x00000000e4c00000|100%| O|  |TAMS 0x00000000e4c00000, 0x00000000e4b00000| Untracked 
|  76|0x00000000e4c00000, 0x00000000e4d00000, 0x00000000e4d00000|100%| O|  |TAMS 0x00000000e4d00000, 0x00000000e4c00000| Untracked 
|  77|0x00000000e4d00000, 0x00000000e4e00000, 0x00000000e4e00000|100%| O|  |TAMS 0x00000000e4e00000, 0x00000000e4d00000| Untracked 
|  78|0x00000000e4e00000, 0x00000000e4f00000, 0x00000000e4f00000|100%| O|  |TAMS 0x00000000e4f00000, 0x00000000e4e00000| Untracked 
|  79|0x00000000e4f00000, 0x00000000e5000000, 0x00000000e5000000|100%| O|  |TAMS 0x00000000e5000000, 0x00000000e4f00000| Untracked 
|  80|0x00000000e5000000, 0x00000000e5100000, 0x00000000e5100000|100%| O|  |TAMS 0x00000000e5100000, 0x00000000e5000000| Untracked 
|  81|0x00000000e5100000, 0x00000000e5200000, 0x00000000e5200000|100%| O|  |TAMS 0x00000000e5200000, 0x00000000e5100000| Untracked 
|  82|0x00000000e5200000, 0x00000000e5300000, 0x00000000e5300000|100%| O|  |TAMS 0x00000000e5300000, 0x00000000e5200000| Untracked 
|  83|0x00000000e5300000, 0x00000000e5400000, 0x00000000e5400000|100%| O|  |TAMS 0x00000000e5400000, 0x00000000e5300000| Untracked 
|  84|0x00000000e5400000, 0x00000000e5500000, 0x00000000e5500000|100%| O|  |TAMS 0x00000000e5500000, 0x00000000e5400000| Untracked 
|  85|0x00000000e5500000, 0x00000000e5600000, 0x00000000e5600000|100%| O|  |TAMS 0x00000000e5600000, 0x00000000e5500000| Untracked 
|  86|0x00000000e5600000, 0x00000000e5700000, 0x00000000e5700000|100%| O|  |TAMS 0x00000000e5700000, 0x00000000e5600000| Untracked 
|  87|0x00000000e5700000, 0x00000000e5800000, 0x00000000e5800000|100%| O|  |TAMS 0x00000000e5800000, 0x00000000e5700000| Untracked 
|  88|0x00000000e5800000, 0x00000000e5900000, 0x00000000e5900000|100%| O|  |TAMS 0x00000000e5900000, 0x00000000e5800000| Untracked 
|  89|0x00000000e5900000, 0x00000000e5a00000, 0x00000000e5a00000|100%| O|  |TAMS 0x00000000e5a00000, 0x00000000e5900000| Untracked 
|  90|0x00000000e5a00000, 0x00000000e5b00000, 0x00000000e5b00000|100%|HS|  |TAMS 0x00000000e5b00000, 0x00000000e5a00000| Complete 
|  91|0x00000000e5b00000, 0x00000000e5c00000, 0x00000000e5c00000|100%| O|  |TAMS 0x00000000e5c00000, 0x00000000e5b00000| Untracked 
|  92|0x00000000e5c00000, 0x00000000e5d00000, 0x00000000e5d00000|100%| O|  |TAMS 0x00000000e5d00000, 0x00000000e5c00000| Untracked 
|  93|0x00000000e5d00000, 0x00000000e5e00000, 0x00000000e5e00000|100%| O|  |TAMS 0x00000000e5e00000, 0x00000000e5d00000| Untracked 
|  94|0x00000000e5e00000, 0x00000000e5f00000, 0x00000000e5f00000|100%| O|  |TAMS 0x00000000e5f00000, 0x00000000e5e00000| Untracked 
|  95|0x00000000e5f00000, 0x00000000e6000000, 0x00000000e6000000|100%| O|  |TAMS 0x00000000e6000000, 0x00000000e5f00000| Untracked 
|  96|0x00000000e6000000, 0x00000000e6100000, 0x00000000e6100000|100%| O|  |TAMS 0x00000000e6100000, 0x00000000e6000000| Untracked 
|  97|0x00000000e6100000, 0x00000000e6200000, 0x00000000e6200000|100%| O|  |TAMS 0x00000000e6200000, 0x00000000e6100000| Untracked 
|  98|0x00000000e6200000, 0x00000000e6300000, 0x00000000e6300000|100%| O|  |TAMS 0x00000000e6300000, 0x00000000e6200000| Untracked 
|  99|0x00000000e6300000, 0x00000000e6400000, 0x00000000e6400000|100%| O|  |TAMS 0x00000000e6400000, 0x00000000e6300000| Untracked 
| 100|0x00000000e6400000, 0x00000000e6500000, 0x00000000e6500000|100%| O|  |TAMS 0x00000000e6500000, 0x00000000e6400000| Untracked 
| 101|0x00000000e6500000, 0x00000000e6600000, 0x00000000e6600000|100%| O|  |TAMS 0x00000000e6600000, 0x00000000e6500000| Untracked 
| 102|0x00000000e6600000, 0x00000000e6700000, 0x00000000e6700000|100%| O|  |TAMS 0x00000000e6700000, 0x00000000e6600000| Untracked 
| 103|0x00000000e6700000, 0x00000000e6800000, 0x00000000e6800000|100%| O|  |TAMS 0x00000000e6800000, 0x00000000e6700000| Untracked 
| 104|0x00000000e6800000, 0x00000000e6900000, 0x00000000e6900000|100%| O|  |TAMS 0x00000000e6900000, 0x00000000e6800000| Untracked 
| 105|0x00000000e6900000, 0x00000000e6a00000, 0x00000000e6a00000|100%| O|  |TAMS 0x00000000e6a00000, 0x00000000e6900000| Untracked 
| 106|0x00000000e6a00000, 0x00000000e6b00000, 0x00000000e6b00000|100%| O|  |TAMS 0x00000000e6b00000, 0x00000000e6a00000| Untracked 
| 107|0x00000000e6b00000, 0x00000000e6c00000, 0x00000000e6c00000|100%| O|  |TAMS 0x00000000e6c00000, 0x00000000e6b00000| Untracked 
| 108|0x00000000e6c00000, 0x00000000e6d00000, 0x00000000e6d00000|100%| O|  |TAMS 0x00000000e6d00000, 0x00000000e6c00000| Untracked 
| 109|0x00000000e6d00000, 0x00000000e6e00000, 0x00000000e6e00000|100%| O|  |TAMS 0x00000000e6e00000, 0x00000000e6d00000| Untracked 
| 110|0x00000000e6e00000, 0x00000000e6f00000, 0x00000000e6f00000|100%| O|  |TAMS 0x00000000e6f00000, 0x00000000e6e00000| Untracked 
| 111|0x00000000e6f00000, 0x00000000e7000000, 0x00000000e7000000|100%| O|  |TAMS 0x00000000e7000000, 0x00000000e6f00000| Untracked 
| 112|0x00000000e7000000, 0x00000000e7100000, 0x00000000e7100000|100%| O|  |TAMS 0x00000000e7100000, 0x00000000e7000000| Untracked 
| 113|0x00000000e7100000, 0x00000000e7200000, 0x00000000e7200000|100%| O|  |TAMS 0x00000000e7200000, 0x00000000e7100000| Untracked 
| 114|0x00000000e7200000, 0x00000000e7300000, 0x00000000e7300000|100%| O|  |TAMS 0x00000000e7300000, 0x00000000e7200000| Untracked 
| 115|0x00000000e7300000, 0x00000000e7400000, 0x00000000e7400000|100%| O|  |TAMS 0x00000000e7400000, 0x00000000e7300000| Untracked 
| 116|0x00000000e7400000, 0x00000000e7500000, 0x00000000e7500000|100%| O|  |TAMS 0x00000000e7500000, 0x00000000e7400000| Untracked 
| 117|0x00000000e7500000, 0x00000000e7600000, 0x00000000e7600000|100%| O|  |TAMS 0x00000000e7600000, 0x00000000e7500000| Untracked 
| 118|0x00000000e7600000, 0x00000000e7700000, 0x00000000e7700000|100%| O|  |TAMS 0x00000000e7700000, 0x00000000e7600000| Untracked 
| 119|0x00000000e7700000, 0x00000000e7800000, 0x00000000e7800000|100%| O|  |TAMS 0x00000000e7800000, 0x00000000e7700000| Untracked 
| 120|0x00000000e7800000, 0x00000000e7900000, 0x00000000e7900000|100%| O|  |TAMS 0x00000000e7900000, 0x00000000e7800000| Untracked 
| 121|0x00000000e7900000, 0x00000000e7a00000, 0x00000000e7a00000|100%| O|  |TAMS 0x00000000e7a00000, 0x00000000e7900000| Untracked 
| 122|0x00000000e7a00000, 0x00000000e7b00000, 0x00000000e7b00000|100%| O|  |TAMS 0x00000000e7b00000, 0x00000000e7a00000| Untracked 
| 123|0x00000000e7b00000, 0x00000000e7c00000, 0x00000000e7c00000|100%| O|  |TAMS 0x00000000e7c00000, 0x00000000e7b00000| Untracked 
| 124|0x00000000e7c00000, 0x00000000e7d00000, 0x00000000e7d00000|100%| O|  |TAMS 0x00000000e7d00000, 0x00000000e7c00000| Untracked 
| 125|0x00000000e7d00000, 0x00000000e7e00000, 0x00000000e7e00000|100%| O|  |TAMS 0x00000000e7e00000, 0x00000000e7d00000| Untracked 
| 126|0x00000000e7e00000, 0x00000000e7f00000, 0x00000000e7f00000|100%| O|  |TAMS 0x00000000e7f00000, 0x00000000e7e00000| Untracked 
| 127|0x00000000e7f00000, 0x00000000e8000000, 0x00000000e8000000|100%| O|  |TAMS 0x00000000e8000000, 0x00000000e7f00000| Untracked 
| 128|0x00000000e8000000, 0x00000000e8100000, 0x00000000e8100000|100%| O|  |TAMS 0x00000000e8100000, 0x00000000e8000000| Untracked 
| 129|0x00000000e8100000, 0x00000000e8200000, 0x00000000e8200000|100%| O|  |TAMS 0x00000000e8200000, 0x00000000e8100000| Untracked 
| 130|0x00000000e8200000, 0x00000000e8300000, 0x00000000e8300000|100%| O|  |TAMS 0x00000000e8300000, 0x00000000e8200000| Untracked 
| 131|0x00000000e8300000, 0x00000000e8400000, 0x00000000e8400000|100%| O|  |TAMS 0x00000000e8400000, 0x00000000e8300000| Untracked 
| 132|0x00000000e8400000, 0x00000000e8500000, 0x00000000e8500000|100%| O|  |TAMS 0x00000000e8500000, 0x00000000e8400000| Untracked 
| 133|0x00000000e8500000, 0x00000000e8600000, 0x00000000e8600000|100%| O|  |TAMS 0x00000000e8600000, 0x00000000e8500000| Untracked 
| 134|0x00000000e8600000, 0x00000000e8700000, 0x00000000e8700000|100%| O|  |TAMS 0x00000000e8700000, 0x00000000e8600000| Untracked 
| 135|0x00000000e8700000, 0x00000000e8800000, 0x00000000e8800000|100%| O|  |TAMS 0x00000000e8800000, 0x00000000e8700000| Untracked 
| 136|0x00000000e8800000, 0x00000000e8900000, 0x00000000e8900000|100%| O|  |TAMS 0x00000000e8900000, 0x00000000e8800000| Untracked 
| 137|0x00000000e8900000, 0x00000000e8a00000, 0x00000000e8a00000|100%| O|  |TAMS 0x00000000e8a00000, 0x00000000e8900000| Untracked 
| 138|0x00000000e8a00000, 0x00000000e8b00000, 0x00000000e8b00000|100%| O|  |TAMS 0x00000000e8b00000, 0x00000000e8a00000| Untracked 
| 139|0x00000000e8b00000, 0x00000000e8c00000, 0x00000000e8c00000|100%| O|  |TAMS 0x00000000e8c00000, 0x00000000e8b00000| Untracked 
| 140|0x00000000e8c00000, 0x00000000e8d00000, 0x00000000e8d00000|100%| O|  |TAMS 0x00000000e8d00000, 0x00000000e8c00000| Untracked 
| 141|0x00000000e8d00000, 0x00000000e8e00000, 0x00000000e8e00000|100%| O|  |TAMS 0x00000000e8e00000, 0x00000000e8d00000| Untracked 
| 142|0x00000000e8e00000, 0x00000000e8f00000, 0x00000000e8f00000|100%| O|  |TAMS 0x00000000e8f00000, 0x00000000e8e00000| Untracked 
| 143|0x00000000e8f00000, 0x00000000e9000000, 0x00000000e9000000|100%| O|  |TAMS 0x00000000e9000000, 0x00000000e8f00000| Untracked 
| 144|0x00000000e9000000, 0x00000000e9100000, 0x00000000e9100000|100%| O|  |TAMS 0x00000000e9100000, 0x00000000e9000000| Untracked 
| 145|0x00000000e9100000, 0x00000000e9200000, 0x00000000e9200000|100%| O|  |TAMS 0x00000000e9200000, 0x00000000e9100000| Untracked 
| 146|0x00000000e9200000, 0x00000000e9300000, 0x00000000e9300000|100%| O|  |TAMS 0x00000000e9300000, 0x00000000e9200000| Untracked 
| 147|0x00000000e9300000, 0x00000000e9400000, 0x00000000e9400000|100%| O|  |TAMS 0x00000000e9400000, 0x00000000e9300000| Untracked 
| 148|0x00000000e9400000, 0x00000000e9500000, 0x00000000e9500000|100%| O|  |TAMS 0x00000000e9500000, 0x00000000e9400000| Untracked 
| 149|0x00000000e9500000, 0x00000000e9600000, 0x00000000e9600000|100%| O|  |TAMS 0x00000000e9600000, 0x00000000e9500000| Untracked 
| 150|0x00000000e9600000, 0x00000000e9700000, 0x00000000e9700000|100%| O|  |TAMS 0x00000000e9700000, 0x00000000e9600000| Untracked 
| 151|0x00000000e9700000, 0x00000000e9800000, 0x00000000e9800000|100%| O|  |TAMS 0x00000000e97c8a00, 0x00000000e9700000| Untracked 
| 152|0x00000000e9800000, 0x00000000e9900000, 0x00000000e9900000|100%| O|  |TAMS 0x00000000e9800000, 0x00000000e9800000| Untracked 
| 153|0x00000000e9900000, 0x00000000e9a00000, 0x00000000e9a00000|100%| O|  |TAMS 0x00000000e9900000, 0x00000000e9900000| Untracked 
| 154|0x00000000e9a00000, 0x00000000e9b00000, 0x00000000e9b00000|100%| O|  |TAMS 0x00000000e9a00000, 0x00000000e9a00000| Untracked 
| 155|0x00000000e9b00000, 0x00000000e9b0be00, 0x00000000e9c00000|  4%| O|  |TAMS 0x00000000e9b00000, 0x00000000e9b00000| Untracked 
| 156|0x00000000e9c00000, 0x00000000e9d00000, 0x00000000e9d00000|100%|HS|  |TAMS 0x00000000e9c00000, 0x00000000e9c00000| Complete 
| 157|0x00000000e9d00000, 0x00000000e9e00000, 0x00000000e9e00000|100%|HS|  |TAMS 0x00000000e9d00000, 0x00000000e9d00000| Complete 
| 158|0x00000000e9e00000, 0x00000000e9f00000, 0x00000000e9f00000|100%|HS|  |TAMS 0x00000000e9e00000, 0x00000000e9e00000| Complete 
| 159|0x00000000e9f00000, 0x00000000e9f00000, 0x00000000ea000000|  0%| F|  |TAMS 0x00000000e9f00000, 0x00000000e9f00000| Untracked 
| 160|0x00000000ea000000, 0x00000000ea000000, 0x00000000ea100000|  0%| F|  |TAMS 0x00000000ea000000, 0x00000000ea000000| Untracked 
| 161|0x00000000ea100000, 0x00000000ea100000, 0x00000000ea200000|  0%| F|  |TAMS 0x00000000ea100000, 0x00000000ea100000| Untracked 
| 162|0x00000000ea200000, 0x00000000ea200000, 0x00000000ea300000|  0%| F|  |TAMS 0x00000000ea200000, 0x00000000ea200000| Untracked 
| 163|0x00000000ea300000, 0x00000000ea300000, 0x00000000ea400000|  0%| F|  |TAMS 0x00000000ea300000, 0x00000000ea300000| Untracked 
| 164|0x00000000ea400000, 0x00000000ea400000, 0x00000000ea500000|  0%| F|  |TAMS 0x00000000ea400000, 0x00000000ea400000| Untracked 
| 165|0x00000000ea500000, 0x00000000ea500000, 0x00000000ea600000|  0%| F|  |TAMS 0x00000000ea500000, 0x00000000ea500000| Untracked 
| 166|0x00000000ea600000, 0x00000000ea600000, 0x00000000ea700000|  0%| F|  |TAMS 0x00000000ea600000, 0x00000000ea600000| Untracked 
| 167|0x00000000ea700000, 0x00000000ea700000, 0x00000000ea800000|  0%| F|  |TAMS 0x00000000ea700000, 0x00000000ea700000| Untracked 
| 168|0x00000000ea800000, 0x00000000ea800000, 0x00000000ea900000|  0%| F|  |TAMS 0x00000000ea800000, 0x00000000ea800000| Untracked 
| 169|0x00000000ea900000, 0x00000000ea900000, 0x00000000eaa00000|  0%| F|  |TAMS 0x00000000ea900000, 0x00000000ea900000| Untracked 
| 170|0x00000000eaa00000, 0x00000000eaa00000, 0x00000000eab00000|  0%| F|  |TAMS 0x00000000eaa00000, 0x00000000eaa00000| Untracked 
| 171|0x00000000eab00000, 0x00000000eab00000, 0x00000000eac00000|  0%| F|  |TAMS 0x00000000eab00000, 0x00000000eab00000| Untracked 
| 172|0x00000000eac00000, 0x00000000eac00000, 0x00000000ead00000|  0%| F|  |TAMS 0x00000000eac00000, 0x00000000eac00000| Untracked 
| 173|0x00000000ead00000, 0x00000000ead00000, 0x00000000eae00000|  0%| F|  |TAMS 0x00000000ead00000, 0x00000000ead00000| Untracked 
| 174|0x00000000eae00000, 0x00000000eae00000, 0x00000000eaf00000|  0%| F|  |TAMS 0x00000000eae00000, 0x00000000eae00000| Untracked 
| 175|0x00000000eaf00000, 0x00000000eaf00000, 0x00000000eb000000|  0%| F|  |TAMS 0x00000000eaf00000, 0x00000000eaf00000| Untracked 
| 176|0x00000000eb000000, 0x00000000eb000000, 0x00000000eb100000|  0%| F|  |TAMS 0x00000000eb000000, 0x00000000eb000000| Untracked 
| 177|0x00000000eb100000, 0x00000000eb100000, 0x00000000eb200000|  0%| F|  |TAMS 0x00000000eb100000, 0x00000000eb100000| Untracked 
| 178|0x00000000eb200000, 0x00000000eb200000, 0x00000000eb300000|  0%| F|  |TAMS 0x00000000eb200000, 0x00000000eb200000| Untracked 
| 179|0x00000000eb300000, 0x00000000eb300000, 0x00000000eb400000|  0%| F|  |TAMS 0x00000000eb300000, 0x00000000eb300000| Untracked 
| 180|0x00000000eb400000, 0x00000000eb400000, 0x00000000eb500000|  0%| F|  |TAMS 0x00000000eb400000, 0x00000000eb400000| Untracked 
| 181|0x00000000eb500000, 0x00000000eb500000, 0x00000000eb600000|  0%| F|  |TAMS 0x00000000eb500000, 0x00000000eb500000| Untracked 
| 182|0x00000000eb600000, 0x00000000eb600000, 0x00000000eb700000|  0%| F|  |TAMS 0x00000000eb600000, 0x00000000eb600000| Untracked 
| 183|0x00000000eb700000, 0x00000000eb700000, 0x00000000eb800000|  0%| F|  |TAMS 0x00000000eb700000, 0x00000000eb700000| Untracked 
| 184|0x00000000eb800000, 0x00000000eb800000, 0x00000000eb900000|  0%| F|  |TAMS 0x00000000eb800000, 0x00000000eb800000| Untracked 
| 185|0x00000000eb900000, 0x00000000eb900000, 0x00000000eba00000|  0%| F|  |TAMS 0x00000000eb900000, 0x00000000eb900000| Untracked 
| 186|0x00000000eba00000, 0x00000000eba00000, 0x00000000ebb00000|  0%| F|  |TAMS 0x00000000eba00000, 0x00000000eba00000| Untracked 
| 187|0x00000000ebb00000, 0x00000000ebb00000, 0x00000000ebc00000|  0%| F|  |TAMS 0x00000000ebb00000, 0x00000000ebb00000| Untracked 
| 188|0x00000000ebc00000, 0x00000000ebc00000, 0x00000000ebd00000|  0%| F|  |TAMS 0x00000000ebc00000, 0x00000000ebc00000| Untracked 
| 189|0x00000000ebd00000, 0x00000000ebd00000, 0x00000000ebe00000|  0%| F|  |TAMS 0x00000000ebd00000, 0x00000000ebd00000| Untracked 
| 190|0x00000000ebe00000, 0x00000000ebe00000, 0x00000000ebf00000|  0%| F|  |TAMS 0x00000000ebe00000, 0x00000000ebe00000| Untracked 
| 191|0x00000000ebf00000, 0x00000000ebf00000, 0x00000000ec000000|  0%| F|  |TAMS 0x00000000ebf00000, 0x00000000ebf00000| Untracked 
| 192|0x00000000ec000000, 0x00000000ec000000, 0x00000000ec100000|  0%| F|  |TAMS 0x00000000ec000000, 0x00000000ec000000| Untracked 
| 193|0x00000000ec100000, 0x00000000ec100000, 0x00000000ec200000|  0%| F|  |TAMS 0x00000000ec100000, 0x00000000ec100000| Untracked 
| 194|0x00000000ec200000, 0x00000000ec200000, 0x00000000ec300000|  0%| F|  |TAMS 0x00000000ec200000, 0x00000000ec200000| Untracked 
| 195|0x00000000ec300000, 0x00000000ec300000, 0x00000000ec400000|  0%| F|  |TAMS 0x00000000ec300000, 0x00000000ec300000| Untracked 
| 196|0x00000000ec400000, 0x00000000ec400000, 0x00000000ec500000|  0%| F|  |TAMS 0x00000000ec400000, 0x00000000ec400000| Untracked 
| 197|0x00000000ec500000, 0x00000000ec500000, 0x00000000ec600000|  0%| F|  |TAMS 0x00000000ec500000, 0x00000000ec500000| Untracked 
| 198|0x00000000ec600000, 0x00000000ec600000, 0x00000000ec700000|  0%| F|  |TAMS 0x00000000ec600000, 0x00000000ec600000| Untracked 
| 199|0x00000000ec700000, 0x00000000ec700000, 0x00000000ec800000|  0%| F|  |TAMS 0x00000000ec700000, 0x00000000ec700000| Untracked 
| 200|0x00000000ec800000, 0x00000000ec800000, 0x00000000ec900000|  0%| F|  |TAMS 0x00000000ec800000, 0x00000000ec800000| Untracked 
| 201|0x00000000ec900000, 0x00000000ec900000, 0x00000000eca00000|  0%| F|  |TAMS 0x00000000ec900000, 0x00000000ec900000| Untracked 
| 202|0x00000000eca00000, 0x00000000eca00000, 0x00000000ecb00000|  0%| F|  |TAMS 0x00000000eca00000, 0x00000000eca00000| Untracked 
| 203|0x00000000ecb00000, 0x00000000ecb00000, 0x00000000ecc00000|  0%| F|  |TAMS 0x00000000ecb00000, 0x00000000ecb00000| Untracked 
| 204|0x00000000ecc00000, 0x00000000ecc00000, 0x00000000ecd00000|  0%| F|  |TAMS 0x00000000ecc00000, 0x00000000ecc00000| Untracked 
| 205|0x00000000ecd00000, 0x00000000ecd00000, 0x00000000ece00000|  0%| F|  |TAMS 0x00000000ecd00000, 0x00000000ecd00000| Untracked 
| 206|0x00000000ece00000, 0x00000000ece00000, 0x00000000ecf00000|  0%| F|  |TAMS 0x00000000ece00000, 0x00000000ece00000| Untracked 
| 207|0x00000000ecf00000, 0x00000000ecf00000, 0x00000000ed000000|  0%| F|  |TAMS 0x00000000ecf00000, 0x00000000ecf00000| Untracked 
| 208|0x00000000ed000000, 0x00000000ed000000, 0x00000000ed100000|  0%| F|  |TAMS 0x00000000ed000000, 0x00000000ed000000| Untracked 
| 209|0x00000000ed100000, 0x00000000ed100000, 0x00000000ed200000|  0%| F|  |TAMS 0x00000000ed100000, 0x00000000ed100000| Untracked 
| 210|0x00000000ed200000, 0x00000000ed200000, 0x00000000ed300000|  0%| F|  |TAMS 0x00000000ed200000, 0x00000000ed200000| Untracked 
| 211|0x00000000ed300000, 0x00000000ed300000, 0x00000000ed400000|  0%| F|  |TAMS 0x00000000ed300000, 0x00000000ed300000| Untracked 
| 212|0x00000000ed400000, 0x00000000ed400000, 0x00000000ed500000|  0%| F|  |TAMS 0x00000000ed400000, 0x00000000ed400000| Untracked 
| 213|0x00000000ed500000, 0x00000000ed500000, 0x00000000ed600000|  0%| F|  |TAMS 0x00000000ed500000, 0x00000000ed500000| Untracked 
| 214|0x00000000ed600000, 0x00000000ed600000, 0x00000000ed700000|  0%| F|  |TAMS 0x00000000ed600000, 0x00000000ed600000| Untracked 
| 215|0x00000000ed700000, 0x00000000ed700000, 0x00000000ed800000|  0%| F|  |TAMS 0x00000000ed700000, 0x00000000ed700000| Untracked 
| 216|0x00000000ed800000, 0x00000000ed800000, 0x00000000ed900000|  0%| F|  |TAMS 0x00000000ed800000, 0x00000000ed800000| Untracked 
| 217|0x00000000ed900000, 0x00000000ed900000, 0x00000000eda00000|  0%| F|  |TAMS 0x00000000ed900000, 0x00000000ed900000| Untracked 
| 218|0x00000000eda00000, 0x00000000eda00000, 0x00000000edb00000|  0%| F|  |TAMS 0x00000000eda00000, 0x00000000eda00000| Untracked 
| 219|0x00000000edb00000, 0x00000000edb00000, 0x00000000edc00000|  0%| F|  |TAMS 0x00000000edb00000, 0x00000000edb00000| Untracked 
| 220|0x00000000edc00000, 0x00000000edc00000, 0x00000000edd00000|  0%| F|  |TAMS 0x00000000edc00000, 0x00000000edc00000| Untracked 
| 221|0x00000000edd00000, 0x00000000edd00000, 0x00000000ede00000|  0%| F|  |TAMS 0x00000000edd00000, 0x00000000edd00000| Untracked 
| 222|0x00000000ede00000, 0x00000000ede00000, 0x00000000edf00000|  0%| F|  |TAMS 0x00000000ede00000, 0x00000000ede00000| Untracked 
| 223|0x00000000edf00000, 0x00000000edf00000, 0x00000000ee000000|  0%| F|  |TAMS 0x00000000edf00000, 0x00000000edf00000| Untracked 
| 224|0x00000000ee000000, 0x00000000ee000000, 0x00000000ee100000|  0%| F|  |TAMS 0x00000000ee000000, 0x00000000ee000000| Untracked 
| 225|0x00000000ee100000, 0x00000000ee100000, 0x00000000ee200000|  0%| F|  |TAMS 0x00000000ee100000, 0x00000000ee100000| Untracked 
| 226|0x00000000ee200000, 0x00000000ee200000, 0x00000000ee300000|  0%| F|  |TAMS 0x00000000ee200000, 0x00000000ee200000| Untracked 
| 227|0x00000000ee300000, 0x00000000ee300000, 0x00000000ee400000|  0%| F|  |TAMS 0x00000000ee300000, 0x00000000ee300000| Untracked 
| 228|0x00000000ee400000, 0x00000000ee400000, 0x00000000ee500000|  0%| F|  |TAMS 0x00000000ee400000, 0x00000000ee400000| Untracked 
| 229|0x00000000ee500000, 0x00000000ee500000, 0x00000000ee600000|  0%| F|  |TAMS 0x00000000ee500000, 0x00000000ee500000| Untracked 
| 230|0x00000000ee600000, 0x00000000ee600000, 0x00000000ee700000|  0%| F|  |TAMS 0x00000000ee600000, 0x00000000ee600000| Untracked 
| 231|0x00000000ee700000, 0x00000000ee700000, 0x00000000ee800000|  0%| F|  |TAMS 0x00000000ee700000, 0x00000000ee700000| Untracked 
| 232|0x00000000ee800000, 0x00000000ee800000, 0x00000000ee900000|  0%| F|  |TAMS 0x00000000ee800000, 0x00000000ee800000| Untracked 
| 233|0x00000000ee900000, 0x00000000ee900000, 0x00000000eea00000|  0%| F|  |TAMS 0x00000000ee900000, 0x00000000ee900000| Untracked 
| 234|0x00000000eea00000, 0x00000000eea00000, 0x00000000eeb00000|  0%| F|  |TAMS 0x00000000eea00000, 0x00000000eea00000| Untracked 
| 235|0x00000000eeb00000, 0x00000000eeb00000, 0x00000000eec00000|  0%| F|  |TAMS 0x00000000eeb00000, 0x00000000eeb00000| Untracked 
| 236|0x00000000eec00000, 0x00000000eec00000, 0x00000000eed00000|  0%| F|  |TAMS 0x00000000eec00000, 0x00000000eec00000| Untracked 
| 237|0x00000000eed00000, 0x00000000eed00000, 0x00000000eee00000|  0%| F|  |TAMS 0x00000000eed00000, 0x00000000eed00000| Untracked 
| 238|0x00000000eee00000, 0x00000000eee00000, 0x00000000eef00000|  0%| F|  |TAMS 0x00000000eee00000, 0x00000000eee00000| Untracked 
| 239|0x00000000eef00000, 0x00000000eef00000, 0x00000000ef000000|  0%| F|  |TAMS 0x00000000eef00000, 0x00000000eef00000| Untracked 
| 240|0x00000000ef000000, 0x00000000ef000000, 0x00000000ef100000|  0%| F|  |TAMS 0x00000000ef000000, 0x00000000ef000000| Untracked 
| 241|0x00000000ef100000, 0x00000000ef100000, 0x00000000ef200000|  0%| F|  |TAMS 0x00000000ef100000, 0x00000000ef100000| Untracked 
| 242|0x00000000ef200000, 0x00000000ef200000, 0x00000000ef300000|  0%| F|  |TAMS 0x00000000ef200000, 0x00000000ef200000| Untracked 
| 243|0x00000000ef300000, 0x00000000ef300000, 0x00000000ef400000|  0%| F|  |TAMS 0x00000000ef300000, 0x00000000ef300000| Untracked 
| 244|0x00000000ef400000, 0x00000000ef400000, 0x00000000ef500000|  0%| F|  |TAMS 0x00000000ef400000, 0x00000000ef400000| Untracked 
| 245|0x00000000ef500000, 0x00000000ef500000, 0x00000000ef600000|  0%| F|  |TAMS 0x00000000ef500000, 0x00000000ef500000| Untracked 
| 246|0x00000000ef600000, 0x00000000ef600000, 0x00000000ef700000|  0%| F|  |TAMS 0x00000000ef600000, 0x00000000ef600000| Untracked 
| 247|0x00000000ef700000, 0x00000000ef700000, 0x00000000ef800000|  0%| F|  |TAMS 0x00000000ef700000, 0x00000000ef700000| Untracked 
| 248|0x00000000ef800000, 0x00000000ef800000, 0x00000000ef900000|  0%| F|  |TAMS 0x00000000ef800000, 0x00000000ef800000| Untracked 
| 249|0x00000000ef900000, 0x00000000ef900000, 0x00000000efa00000|  0%| F|  |TAMS 0x00000000ef900000, 0x00000000ef900000| Untracked 
| 250|0x00000000efa00000, 0x00000000efa00000, 0x00000000efb00000|  0%| F|  |TAMS 0x00000000efa00000, 0x00000000efa00000| Untracked 
| 251|0x00000000efb00000, 0x00000000efb00000, 0x00000000efc00000|  0%| F|  |TAMS 0x00000000efb00000, 0x00000000efb00000| Untracked 
| 252|0x00000000efc00000, 0x00000000efc00000, 0x00000000efd00000|  0%| F|  |TAMS 0x00000000efc00000, 0x00000000efc00000| Untracked 
| 253|0x00000000efd00000, 0x00000000efd00000, 0x00000000efe00000|  0%| F|  |TAMS 0x00000000efd00000, 0x00000000efd00000| Untracked 
| 254|0x00000000efe00000, 0x00000000efe00000, 0x00000000eff00000|  0%| F|  |TAMS 0x00000000efe00000, 0x00000000efe00000| Untracked 
| 255|0x00000000eff00000, 0x00000000eff00000, 0x00000000f0000000|  0%| F|  |TAMS 0x00000000eff00000, 0x00000000eff00000| Untracked 
| 256|0x00000000f0000000, 0x00000000f0000000, 0x00000000f0100000|  0%| F|  |TAMS 0x00000000f0000000, 0x00000000f0000000| Untracked 
| 257|0x00000000f0100000, 0x00000000f0100000, 0x00000000f0200000|  0%| F|  |TAMS 0x00000000f0100000, 0x00000000f0100000| Untracked 
| 258|0x00000000f0200000, 0x00000000f0200000, 0x00000000f0300000|  0%| F|  |TAMS 0x00000000f0200000, 0x00000000f0200000| Untracked 
| 259|0x00000000f0300000, 0x00000000f0300000, 0x00000000f0400000|  0%| F|  |TAMS 0x00000000f0300000, 0x00000000f0300000| Untracked 
| 260|0x00000000f0400000, 0x00000000f0400000, 0x00000000f0500000|  0%| F|  |TAMS 0x00000000f0400000, 0x00000000f0400000| Untracked 
| 261|0x00000000f0500000, 0x00000000f0500000, 0x00000000f0600000|  0%| F|  |TAMS 0x00000000f0500000, 0x00000000f0500000| Untracked 
| 262|0x00000000f0600000, 0x00000000f0600000, 0x00000000f0700000|  0%| F|  |TAMS 0x00000000f0600000, 0x00000000f0600000| Untracked 
| 263|0x00000000f0700000, 0x00000000f0700000, 0x00000000f0800000|  0%| F|  |TAMS 0x00000000f0700000, 0x00000000f0700000| Untracked 
| 264|0x00000000f0800000, 0x00000000f0800000, 0x00000000f0900000|  0%| F|  |TAMS 0x00000000f0800000, 0x00000000f0800000| Untracked 
| 265|0x00000000f0900000, 0x00000000f0900000, 0x00000000f0a00000|  0%| F|  |TAMS 0x00000000f0900000, 0x00000000f0900000| Untracked 
| 266|0x00000000f0a00000, 0x00000000f0a00000, 0x00000000f0b00000|  0%| F|  |TAMS 0x00000000f0a00000, 0x00000000f0a00000| Untracked 
| 267|0x00000000f0b00000, 0x00000000f0b00000, 0x00000000f0c00000|  0%| F|  |TAMS 0x00000000f0b00000, 0x00000000f0b00000| Untracked 
| 268|0x00000000f0c00000, 0x00000000f0c00000, 0x00000000f0d00000|  0%| F|  |TAMS 0x00000000f0c00000, 0x00000000f0c00000| Untracked 
| 269|0x00000000f0d00000, 0x00000000f0d00000, 0x00000000f0e00000|  0%| F|  |TAMS 0x00000000f0d00000, 0x00000000f0d00000| Untracked 
| 270|0x00000000f0e00000, 0x00000000f0e00000, 0x00000000f0f00000|  0%| F|  |TAMS 0x00000000f0e00000, 0x00000000f0e00000| Untracked 
| 271|0x00000000f0f00000, 0x00000000f0f00000, 0x00000000f1000000|  0%| F|  |TAMS 0x00000000f0f00000, 0x00000000f0f00000| Untracked 
| 272|0x00000000f1000000, 0x00000000f1000000, 0x00000000f1100000|  0%| F|  |TAMS 0x00000000f1000000, 0x00000000f1000000| Untracked 
| 273|0x00000000f1100000, 0x00000000f1100000, 0x00000000f1200000|  0%| F|  |TAMS 0x00000000f1100000, 0x00000000f1100000| Untracked 
| 274|0x00000000f1200000, 0x00000000f1200000, 0x00000000f1300000|  0%| F|  |TAMS 0x00000000f1200000, 0x00000000f1200000| Untracked 
| 275|0x00000000f1300000, 0x00000000f1300000, 0x00000000f1400000|  0%| F|  |TAMS 0x00000000f1300000, 0x00000000f1300000| Untracked 
| 276|0x00000000f1400000, 0x00000000f1400000, 0x00000000f1500000|  0%| F|  |TAMS 0x00000000f1400000, 0x00000000f1400000| Untracked 
| 277|0x00000000f1500000, 0x00000000f1500000, 0x00000000f1600000|  0%| F|  |TAMS 0x00000000f1500000, 0x00000000f1500000| Untracked 
| 278|0x00000000f1600000, 0x00000000f1600000, 0x00000000f1700000|  0%| F|  |TAMS 0x00000000f1600000, 0x00000000f1600000| Untracked 
| 279|0x00000000f1700000, 0x00000000f1700000, 0x00000000f1800000|  0%| F|  |TAMS 0x00000000f1700000, 0x00000000f1700000| Untracked 
| 280|0x00000000f1800000, 0x00000000f1900000, 0x00000000f1900000|100%| S|CS|TAMS 0x00000000f1800000, 0x00000000f1800000| Complete 
| 281|0x00000000f1900000, 0x00000000f1a00000, 0x00000000f1a00000|100%| S|CS|TAMS 0x00000000f1900000, 0x00000000f1900000| Complete 
| 282|0x00000000f1a00000, 0x00000000f1b00000, 0x00000000f1b00000|100%| S|CS|TAMS 0x00000000f1a00000, 0x00000000f1a00000| Complete 
| 283|0x00000000f1b00000, 0x00000000f1c00000, 0x00000000f1c00000|100%| S|CS|TAMS 0x00000000f1b00000, 0x00000000f1b00000| Complete 
| 284|0x00000000f1c00000, 0x00000000f1d00000, 0x00000000f1d00000|100%| S|CS|TAMS 0x00000000f1c00000, 0x00000000f1c00000| Complete 
| 285|0x00000000f1d00000, 0x00000000f1e00000, 0x00000000f1e00000|100%| S|CS|TAMS 0x00000000f1d00000, 0x00000000f1d00000| Complete 
| 286|0x00000000f1e00000, 0x00000000f1f00000, 0x00000000f1f00000|100%| S|CS|TAMS 0x00000000f1e00000, 0x00000000f1e00000| Complete 
| 287|0x00000000f1f00000, 0x00000000f2000000, 0x00000000f2000000|100%| S|CS|TAMS 0x00000000f1f00000, 0x00000000f1f00000| Complete 
| 288|0x00000000f2000000, 0x00000000f2100000, 0x00000000f2100000|100%| S|CS|TAMS 0x00000000f2000000, 0x00000000f2000000| Complete 
| 289|0x00000000f2100000, 0x00000000f2200000, 0x00000000f2200000|100%| S|CS|TAMS 0x00000000f2100000, 0x00000000f2100000| Complete 
| 290|0x00000000f2200000, 0x00000000f2300000, 0x00000000f2300000|100%| S|CS|TAMS 0x00000000f2200000, 0x00000000f2200000| Complete 
| 291|0x00000000f2300000, 0x00000000f2300000, 0x00000000f2400000|  0%| F|  |TAMS 0x00000000f2300000, 0x00000000f2300000| Untracked 
| 292|0x00000000f2400000, 0x00000000f2400000, 0x00000000f2500000|  0%| F|  |TAMS 0x00000000f2400000, 0x00000000f2400000| Untracked 
| 293|0x00000000f2500000, 0x00000000f2500000, 0x00000000f2600000|  0%| F|  |TAMS 0x00000000f2500000, 0x00000000f2500000| Untracked 
| 294|0x00000000f2600000, 0x00000000f2600000, 0x00000000f2700000|  0%| F|  |TAMS 0x00000000f2600000, 0x00000000f2600000| Untracked 
| 295|0x00000000f2700000, 0x00000000f2700000, 0x00000000f2800000|  0%| F|  |TAMS 0x00000000f2700000, 0x00000000f2700000| Untracked 
| 296|0x00000000f2800000, 0x00000000f2800000, 0x00000000f2900000|  0%| F|  |TAMS 0x00000000f2800000, 0x00000000f2800000| Untracked 
| 297|0x00000000f2900000, 0x00000000f2900000, 0x00000000f2a00000|  0%| F|  |TAMS 0x00000000f2900000, 0x00000000f2900000| Untracked 
| 298|0x00000000f2a00000, 0x00000000f2a00000, 0x00000000f2b00000|  0%| F|  |TAMS 0x00000000f2a00000, 0x00000000f2a00000| Untracked 
| 299|0x00000000f2b00000, 0x00000000f2b00000, 0x00000000f2c00000|  0%| F|  |TAMS 0x00000000f2b00000, 0x00000000f2b00000| Untracked 
| 300|0x00000000f2c00000, 0x00000000f2c00000, 0x00000000f2d00000|  0%| F|  |TAMS 0x00000000f2c00000, 0x00000000f2c00000| Untracked 
| 301|0x00000000f2d00000, 0x00000000f2d00000, 0x00000000f2e00000|  0%| F|  |TAMS 0x00000000f2d00000, 0x00000000f2d00000| Untracked 
| 302|0x00000000f2e00000, 0x00000000f2e00000, 0x00000000f2f00000|  0%| F|  |TAMS 0x00000000f2e00000, 0x00000000f2e00000| Untracked 
| 303|0x00000000f2f00000, 0x00000000f2f00000, 0x00000000f3000000|  0%| F|  |TAMS 0x00000000f2f00000, 0x00000000f2f00000| Untracked 
| 304|0x00000000f3000000, 0x00000000f3000000, 0x00000000f3100000|  0%| F|  |TAMS 0x00000000f3000000, 0x00000000f3000000| Untracked 
| 305|0x00000000f3100000, 0x00000000f3100000, 0x00000000f3200000|  0%| F|  |TAMS 0x00000000f3100000, 0x00000000f3100000| Untracked 
| 306|0x00000000f3200000, 0x00000000f32bb050, 0x00000000f3300000| 73%| E|  |TAMS 0x00000000f3200000, 0x00000000f3200000| Complete 
| 307|0x00000000f3300000, 0x00000000f3400000, 0x00000000f3400000|100%| E|CS|TAMS 0x00000000f3300000, 0x00000000f3300000| Complete 
| 308|0x00000000f3400000, 0x00000000f3500000, 0x00000000f3500000|100%| E|CS|TAMS 0x00000000f3400000, 0x00000000f3400000| Complete 
| 309|0x00000000f3500000, 0x00000000f3600000, 0x00000000f3600000|100%| E|CS|TAMS 0x00000000f3500000, 0x00000000f3500000| Complete 
| 310|0x00000000f3600000, 0x00000000f3700000, 0x00000000f3700000|100%| E|CS|TAMS 0x00000000f3600000, 0x00000000f3600000| Complete 
| 311|0x00000000f3700000, 0x00000000f3800000, 0x00000000f3800000|100%| E|CS|TAMS 0x00000000f3700000, 0x00000000f3700000| Complete 
| 312|0x00000000f3800000, 0x00000000f3900000, 0x00000000f3900000|100%| E|CS|TAMS 0x00000000f3800000, 0x00000000f3800000| Complete 
| 313|0x00000000f3900000, 0x00000000f3a00000, 0x00000000f3a00000|100%| E|CS|TAMS 0x00000000f3900000, 0x00000000f3900000| Complete 
| 314|0x00000000f3a00000, 0x00000000f3b00000, 0x00000000f3b00000|100%| E|CS|TAMS 0x00000000f3a00000, 0x00000000f3a00000| Complete 

Card table byte_map: [0x0000025649140000,0x0000025649240000] _byte_map_base: 0x0000025648a40000

Marking Bits (Prev, Next): (CMBitMap*) 0x0000025631f2ad50, (CMBitMap*) 0x0000025631f2ad90
 Prev Bits: [0x0000025649340000, 0x0000025649b40000)
 Next Bits: [0x0000025649b40000, 0x000002564a340000)

Polling page: 0x000002562fdf0000

Metaspace:

Usage:
  Non-class:     65.96 MB capacity,    64.39 MB ( 98%) used,     1.44 MB (  2%) free+waste,   129.88 KB ( <1%) overhead. 
      Class:     10.12 MB capacity,     9.60 MB ( 95%) used,   479.02 KB (  5%) free+waste,    56.31 KB ( <1%) overhead. 
       Both:     76.08 MB capacity,    73.99 MB ( 97%) used,     1.91 MB (  3%) free+waste,   186.19 KB ( <1%) overhead. 

Virtual space:
  Non-class space:       68.00 MB reserved,      66.17 MB ( 97%) committed 
      Class space:      248.00 MB reserved,      10.12 MB (  4%) committed 
             Both:      316.00 MB reserved,      76.30 MB ( 24%) committed 

Chunk freelists:
   Non-Class:  24.00 KB
       Class:  5.00 KB
        Both:  29.00 KB

MaxMetaspaceSize: 256.00 MB
CompressedClassSpaceSize: 248.00 MB

CodeHeap 'non-profiled nmethods': size=120000Kb used=7824Kb max_used=7824Kb free=112175Kb
 bounds [0x0000025641c10000, 0x00000256423c0000, 0x0000025649140000]
CodeHeap 'profiled nmethods': size=120000Kb used=21342Kb max_used=21342Kb free=98658Kb
 bounds [0x000002563a6e0000, 0x000002563bbc0000, 0x0000025641c10000]
CodeHeap 'non-nmethods': size=5760Kb used=2376Kb max_used=2445Kb free=3383Kb
 bounds [0x000002563a140000, 0x000002563a3b0000, 0x000002563a6e0000]
 total_blobs=11851 nmethods=10992 adapters=770
 compilation: enabled
              stopped_count=0, restarted_count=0
 full_count=0

Compilation events (20 events):
Event: 255.785 Thread 0x000002564c9225a0 nmethod 12772 0x00000256423b3010 code [0x00000256423b31a0, 0x00000256423b3258]
Event: 255.869 Thread 0x000002564c9225a0 12773       3       org.gradle.internal.logging.events.StyledTextOutputEvent::<init> (24 bytes)
Event: 255.869 Thread 0x000002564c9225a0 nmethod 12773 0x000002563bbb4c90 code [0x000002563bbb4e40, 0x000002563bbb5078]
Event: 255.869 Thread 0x000002564c9225a0 12774       1       org.gradle.internal.logging.sink.OutputEventRenderer::access$800 (5 bytes)
Event: 255.869 Thread 0x000002564c9225a0 nmethod 12774 0x00000256423b3310 code [0x00000256423b34a0, 0x00000256423b3538]
Event: 255.869 Thread 0x000002564c9225a0 12775       3       java.nio.charset.CharsetDecoder::onMalformedInput (26 bytes)
Event: 255.870 Thread 0x000002564c9225a0 nmethod 12775 0x000002563bbb5190 code [0x000002563bbb5340, 0x000002563bbb5688]
Event: 255.870 Thread 0x000002564c9225a0 12776       3       java.nio.charset.CharsetDecoder::implOnMalformedInput (1 bytes)
Event: 255.870 Thread 0x000002564c9225a0 nmethod 12776 0x000002563bbb5790 code [0x000002563bbb5920, 0x000002563bbb5a18]
Event: 255.870 Thread 0x000002564c9225a0 12777       3       java.nio.charset.CharsetDecoder::onUnmappableCharacter (26 bytes)
Event: 255.870 Thread 0x000002564c9225a0 nmethod 12777 0x000002563bbb5a90 code [0x000002563bbb5c40, 0x000002563bbb5f88]
Event: 255.870 Thread 0x000002564c9225a0 12778       3       java.nio.charset.CharsetDecoder::implOnUnmappableCharacter (1 bytes)
Event: 255.870 Thread 0x000002564c9225a0 nmethod 12778 0x000002563bbb6090 code [0x000002563bbb6220, 0x000002563bbb6318]
Event: 255.871 Thread 0x000002564c9225a0 12779       3       org.gradle.internal.logging.text.AbstractStyledTextOutput::style (20 bytes)
Event: 255.871 Thread 0x000002564c9225a0 nmethod 12779 0x000002563bbb6390 code [0x000002563bbb6540, 0x000002563bbb67a8]
Event: 255.871 Thread 0x000002564c9225a0 12780       3       sun.nio.cs.SingleByte$Decoder::decodeLoop (28 bytes)
Event: 255.871 Thread 0x000002564c9225a0 nmethod 12780 0x000002563bbb6890 code [0x000002563bbb6a60, 0x000002563bbb6e38]
Event: 255.872 Thread 0x000002564c91e5f0 12781       4       org.gradle.internal.logging.sink.OutputEventListenerManager$1::onOutput (33 bytes)
Event: 255.881 Thread 0x000002564c91e5f0 nmethod 12781 0x00000256423b3610 code [0x00000256423b3800, 0x00000256423b3de8]
Event: 255.881 Thread 0x000002564c91e5f0 12782 %     4       sun.nio.cs.SingleByte$Decoder::decodeArrayLoop @ 88 (154 bytes)

GC Heap History (20 events):
Event: 65.165 GC heap before
{Heap before GC invocations=16 (full 0):
 garbage-first heap   total 262144K, used 210432K [0x00000000e0000000, 0x0000000100000000)
  region size 1024K, 77 young (78848K), 12 survivors (12288K)
 Metaspace       used 75538K, capacity 77656K, committed 77872K, reserved 321536K
  class space    used 9798K, capacity 10325K, committed 10368K, reserved 253952K
}
Event: 65.185 GC heap after
{Heap after GC invocations=17 (full 0):
 garbage-first heap   total 262144K, used 148480K [0x00000000e0000000, 0x0000000100000000)
  region size 1024K, 6 young (6144K), 6 survivors (6144K)
 Metaspace       used 75538K, capacity 77656K, committed 77872K, reserved 321536K
  class space    used 9798K, capacity 10325K, committed 10368K, reserved 253952K
}
Event: 66.548 GC heap before
{Heap before GC invocations=18 (full 0):
 garbage-first heap   total 262144K, used 202752K [0x00000000e0000000, 0x0000000100000000)
  region size 1024K, 71 young (72704K), 6 survivors (6144K)
 Metaspace       used 75538K, capacity 77656K, committed 77872K, reserved 321536K
  class space    used 9798K, capacity 10325K, committed 10368K, reserved 253952K
}
Event: 66.561 GC heap after
{Heap after GC invocations=19 (full 0):
 garbage-first heap   total 262144K, used 139085K [0x00000000e0000000, 0x0000000100000000)
  region size 1024K, 6 young (6144K), 6 survivors (6144K)
 Metaspace       used 75538K, capacity 77656K, committed 77872K, reserved 321536K
  class space    used 9798K, capacity 10325K, committed 10368K, reserved 253952K
}
Event: 67.779 GC heap before
{Heap before GC invocations=19 (full 0):
 garbage-first heap   total 262144K, used 210765K [0x00000000e0000000, 0x0000000100000000)
  region size 1024K, 76 young (77824K), 6 survivors (6144K)
 Metaspace       used 75538K, capacity 77656K, committed 77872K, reserved 321536K
  class space    used 9798K, capacity 10325K, committed 10368K, reserved 253952K
}
Event: 67.794 GC heap after
{Heap after GC invocations=20 (full 0):
 garbage-first heap   total 262144K, used 142859K [0x00000000e0000000, 0x0000000100000000)
  region size 1024K, 6 young (6144K), 6 survivors (6144K)
 Metaspace       used 75538K, capacity 77656K, committed 77872K, reserved 321536K
  class space    used 9798K, capacity 10325K, committed 10368K, reserved 253952K
}
Event: 69.431 GC heap before
{Heap before GC invocations=21 (full 0):
 garbage-first heap   total 265216K, used 214539K [0x00000000e0000000, 0x0000000100000000)
  region size 1024K, 76 young (77824K), 6 survivors (6144K)
 Metaspace       used 75542K, capacity 77662K, committed 77872K, reserved 321536K
  class space    used 9798K, capacity 10326K, committed 10368K, reserved 253952K
}
Event: 69.445 GC heap after
{Heap after GC invocations=22 (full 0):
 garbage-first heap   total 265216K, used 146222K [0x00000000e0000000, 0x0000000100000000)
  region size 1024K, 6 young (6144K), 6 survivors (6144K)
 Metaspace       used 75542K, capacity 77662K, committed 77872K, reserved 321536K
  class space    used 9798K, capacity 10326K, committed 10368K, reserved 253952K
}
Event: 71.086 GC heap before
{Heap before GC invocations=22 (full 0):
 garbage-first heap   total 265216K, used 217902K [0x00000000e0000000, 0x0000000100000000)
  region size 1024K, 76 young (77824K), 6 survivors (6144K)
 Metaspace       used 75543K, capacity 77662K, committed 77872K, reserved 321536K
  class space    used 9798K, capacity 10326K, committed 10368K, reserved 253952K
}
Event: 71.102 GC heap after
{Heap after GC invocations=23 (full 0):
 garbage-first heap   total 265216K, used 149780K [0x00000000e0000000, 0x0000000100000000)
  region size 1024K, 9 young (9216K), 9 survivors (9216K)
 Metaspace       used 75543K, capacity 77662K, committed 77872K, reserved 321536K
  class space    used 9798K, capacity 10326K, committed 10368K, reserved 253952K
}
Event: 72.589 GC heap before
{Heap before GC invocations=24 (full 0):
 garbage-first heap   total 280576K, used 218388K [0x00000000e0000000, 0x0000000100000000)
  region size 1024K, 76 young (77824K), 9 survivors (9216K)
 Metaspace       used 75546K, capacity 77662K, committed 77872K, reserved 321536K
  class space    used 9798K, capacity 10326K, committed 10368K, reserved 253952K
}
Event: 72.610 GC heap after
{Heap after GC invocations=25 (full 0):
 garbage-first heap   total 280576K, used 153828K [0x00000000e0000000, 0x0000000100000000)
  region size 1024K, 7 young (7168K), 7 survivors (7168K)
 Metaspace       used 75546K, capacity 77662K, committed 77872K, reserved 321536K
  class space    used 9798K, capacity 10326K, committed 10368K, reserved 253952K
}
Event: 73.430 GC heap before
{Heap before GC invocations=25 (full 0):
 garbage-first heap   total 280576K, used 230628K [0x00000000e0000000, 0x0000000100000000)
  region size 1024K, 82 young (83968K), 7 survivors (7168K)
 Metaspace       used 75546K, capacity 77662K, committed 77872K, reserved 321536K
  class space    used 9798K, capacity 10326K, committed 10368K, reserved 253952K
}
Event: 73.451 GC heap after
{Heap after GC invocations=26 (full 0):
 garbage-first heap   total 280576K, used 157761K [0x00000000e0000000, 0x0000000100000000)
  region size 1024K, 7 young (7168K), 7 survivors (7168K)
 Metaspace       used 75546K, capacity 77662K, committed 77872K, reserved 321536K
  class space    used 9798K, capacity 10326K, committed 10368K, reserved 253952K
}
Event: 74.128 GC heap before
{Heap before GC invocations=27 (full 0):
 garbage-first heap   total 322560K, used 229441K [0x00000000e0000000, 0x0000000100000000)
  region size 1024K, 77 young (78848K), 7 survivors (7168K)
 Metaspace       used 75546K, capacity 77662K, committed 77872K, reserved 321536K
  class space    used 9798K, capacity 10326K, committed 10368K, reserved 253952K
}
Event: 74.145 GC heap after
{Heap after GC invocations=28 (full 0):
 garbage-first heap   total 322560K, used 161570K [0x00000000e0000000, 0x0000000100000000)
  region size 1024K, 6 young (6144K), 6 survivors (6144K)
 Metaspace       used 75546K, capacity 77662K, committed 77872K, reserved 321536K
  class space    used 9798K, capacity 10326K, committed 10368K, reserved 253952K
}
Event: 76.105 GC heap before
{Heap before GC invocations=28 (full 0):
 garbage-first heap   total 322560K, used 263970K [0x00000000e0000000, 0x0000000100000000)
  region size 1024K, 106 young (108544K), 6 survivors (6144K)
 Metaspace       used 75546K, capacity 77662K, committed 77872K, reserved 321536K
  class space    used 9798K, capacity 10326K, committed 10368K, reserved 253952K
}
Event: 76.122 GC heap after
{Heap after GC invocations=29 (full 0):
 garbage-first heap   total 322560K, used 165941K [0x00000000e0000000, 0x0000000100000000)
  region size 1024K, 11 young (11264K), 11 survivors (11264K)
 Metaspace       used 75546K, capacity 77662K, committed 77872K, reserved 321536K
  class space    used 9798K, capacity 10326K, committed 10368K, reserved 253952K
}
Event: 76.755 GC heap before
{Heap before GC invocations=30 (full 0):
 garbage-first heap   total 322560K, used 189493K [0x00000000e0000000, 0x0000000100000000)
  region size 1024K, 35 young (35840K), 11 survivors (11264K)
 Metaspace       used 75546K, capacity 77662K, committed 77872K, reserved 321536K
  class space    used 9798K, capacity 10326K, committed 10368K, reserved 253952K
}
Event: 76.777 GC heap after
{Heap after GC invocations=31 (full 0):
 garbage-first heap   total 322560K, used 170031K [0x00000000e0000000, 0x0000000100000000)
  region size 1024K, 11 young (11264K), 11 survivors (11264K)
 Metaspace       used 75546K, capacity 77662K, committed 77872K, reserved 321536K
  class space    used 9798K, capacity 10326K, committed 10368K, reserved 253952K
}

Deoptimization events (20 events):
Event: 111.193 Thread 0x000002564f918ca0 DEOPT PACKING pc=0x0000025641fc1b20 sp=0x000000f4c30fef00
Event: 111.193 Thread 0x000002564f918ca0 DEOPT UNPACKING pc=0x000002563a18e42f sp=0x000000f4c30feea0 mode 2
Event: 111.193 Thread 0x000002564f91e810 Uncommon trap: trap_request=0xffffff45 fr.pc=0x0000025641fc1b20 relative=0x0000000000000860
Event: 111.193 Thread 0x000002564f91e810 Uncommon trap: reason=unstable_if action=reinterpret pc=0x0000025641fc1b20 method=java.util.concurrent.SynchronousQueue$TransferStack.awaitFulfill(Ljava/util/concurrent/SynchronousQueue$TransferStack$SNode;ZJ)Ljava/util/concurrent/SynchronousQueue$Transfe
Event: 111.193 Thread 0x000002564f91e810 DEOPT PACKING pc=0x0000025641fc1b20 sp=0x000000f4c31fecb0
Event: 111.193 Thread 0x000002564f91e810 DEOPT UNPACKING pc=0x000002563a18e42f sp=0x000000f4c31fec50 mode 2
Event: 111.193 Thread 0x000002564f91ae50 Uncommon trap: trap_request=0xffffff45 fr.pc=0x0000025641fc1b20 relative=0x0000000000000860
Event: 111.193 Thread 0x000002564f91d9a0 Uncommon trap: trap_request=0xffffff45 fr.pc=0x0000025641fc1b20 relative=0x0000000000000860
Event: 111.193 Thread 0x000002564f91ae50 Uncommon trap: reason=unstable_if action=reinterpret pc=0x0000025641fc1b20 method=java.util.concurrent.SynchronousQueue$TransferStack.awaitFulfill(Ljava/util/concurrent/SynchronousQueue$TransferStack$SNode;ZJ)Ljava/util/concurrent/SynchronousQueue$Transfe
Event: 111.193 Thread 0x000002564f91d9a0 Uncommon trap: reason=unstable_if action=reinterpret pc=0x0000025641fc1b20 method=java.util.concurrent.SynchronousQueue$TransferStack.awaitFulfill(Ljava/util/concurrent/SynchronousQueue$TransferStack$SNode;ZJ)Ljava/util/concurrent/SynchronousQueue$Transfe
Event: 111.193 Thread 0x000002564f91ae50 DEOPT PACKING pc=0x0000025641fc1b20 sp=0x000000f4c2fff050
Event: 111.193 Thread 0x000002564f91d9a0 DEOPT PACKING pc=0x0000025641fc1b20 sp=0x000000f4c2efea40
Event: 111.193 Thread 0x000002564f91ae50 DEOPT UNPACKING pc=0x000002563a18e42f sp=0x000000f4c2ffeff0 mode 2
Event: 111.194 Thread 0x000002564f91d9a0 DEOPT UNPACKING pc=0x000002563a18e42f sp=0x000000f4c2efe9e0 mode 2
Event: 111.941 Thread 0x000002564f91e340 Uncommon trap: trap_request=0xffffff45 fr.pc=0x0000025641fc1b20 relative=0x0000000000000860
Event: 111.941 Thread 0x000002564f91e340 Uncommon trap: reason=unstable_if action=reinterpret pc=0x0000025641fc1b20 method=java.util.concurrent.SynchronousQueue$TransferStack.awaitFulfill(Ljava/util/concurrent/SynchronousQueue$TransferStack$SNode;ZJ)Ljava/util/concurrent/SynchronousQueue$Transfe
Event: 111.941 Thread 0x000002564f91e340 DEOPT PACKING pc=0x0000025641fc1b20 sp=0x000000f4c2cff1d0
Event: 111.941 Thread 0x000002564f91e340 DEOPT UNPACKING pc=0x000002563a18e42f sp=0x000000f4c2cff170 mode 2
Event: 255.874 Thread 0x00000256536e1a20 DEOPT PACKING pc=0x000002563a7465e7 sp=0x000000f4c82feb90
Event: 255.874 Thread 0x00000256536e1a20 DEOPT UNPACKING pc=0x000002563a18e23f sp=0x000000f4c82fe0f0 mode 0

Classes unloaded (0 events):
No events

Classes redefined (0 events):
No events

Internal exceptions (20 events):
Event: 57.902 Thread 0x000002564f278ee0 Exception <a 'sun/nio/fs/WindowsException'{0x00000000ea2acd40}> (0x00000000ea2acd40) 
thrown [./open/src/hotspot/share/prims/jni.cpp, line 578]
Event: 58.131 Thread 0x000002564f278ee0 Exception <a 'java/lang/NullPointerException'{0x00000000e9cb8bb0}> (0x00000000e9cb8bb0) 
thrown [./open/src/hotspot/share/interpreter/linkResolver.cpp, line 1457]
Event: 58.352 Thread 0x000002564f278ee0 Implicit null exception at 0x00000256420474b6 to 0x0000025642049834
Event: 59.681 Thread 0x000002564f278ee0 Implicit null exception at 0x00000256421ca3ec to 0x00000256421cd944
Event: 60.288 Thread 0x000002564f278ee0 Exception <a 'java/lang/NoSuchMethodError'{0x00000000ec3acc58}: static Lcom/android/build/gradle/internal/profile/ProjectData;.<clinit>()V> (0x00000000ec3acc58) 
thrown [./open/src/hotspot/share/prims/jni.cpp, line 1204]
Event: 60.308 Thread 0x000002564f278ee0 Exception <a 'java/lang/NoSuchMethodError'{0x00000000ec21c4e0}: static Lcom/android/build/gradle/internal/profile/TaskMetadata;.<clinit>()V> (0x00000000ec21c4e0) 
thrown [./open/src/hotspot/share/prims/jni.cpp, line 1204]
Event: 60.344 Thread 0x000002564f278ee0 Exception <a 'java/lang/NoSuchMethodError'{0x00000000ec1fda68}: 'void java.lang.invoke.DirectMethodHandle$Holder.invokeSpecial(java.lang.Object, java.lang.Object, java.lang.Object, int)'> (0x00000000ec1fda68) 
thrown [./open/src/hotspot/share/interpreter/linkResolver.cpp, line 782]
Event: 60.530 Thread 0x000002564f278ee0 Exception <a 'java/lang/NoSuchMethodError'{0x00000000eba96650}: 'void java.lang.invoke.DirectMethodHandle$Holder.invokeInterface(java.lang.Object, java.lang.Object)'> (0x00000000eba96650) 
thrown [./open/src/hotspot/share/interpreter/linkResolver.cpp, line 782]
Event: 60.596 Thread 0x00000256536e1ef0 Exception <a 'java/lang/NoSuchMethodError'{0x00000000eb860de8}: 'void java.lang.invoke.DirectMethodHandle$Holder.invokeVirtual(java.lang.Object, java.lang.Object)'> (0x00000000eb860de8) 
thrown [./open/src/hotspot/share/interpreter/linkResolver.cpp, line 782]
Event: 60.627 Thread 0x00000256536e1ef0 Exception <a 'java/lang/ClassNotFoundException'{0x00000000eb723238}: groovy/util/FileTreeBuilderBeanInfo> (0x00000000eb723238) 
thrown [./open/src/hotspot/share/classfile/systemDictionary.cpp, line 295]
Event: 60.627 Thread 0x00000256536e1ef0 Exception <a 'java/lang/ClassNotFoundException'{0x00000000eb72e6a8}: groovy/util/FileTreeBuilderCustomizer> (0x00000000eb72e6a8) 
thrown [./open/src/hotspot/share/classfile/systemDictionary.cpp, line 295]
Event: 60.631 Thread 0x00000256536e1ef0 Exception <a 'java/lang/ClassNotFoundException'{0x00000000eb7601c0}: java/io/BufferedWriterBeanInfo> (0x00000000eb7601c0) 
thrown [./open/src/hotspot/share/classfile/systemDictionary.cpp, line 295]
Event: 60.632 Thread 0x00000256536e1ef0 Exception <a 'java/lang/ClassNotFoundException'{0x00000000eb764b30}: java/io/WriterBeanInfo> (0x00000000eb764b30) 
thrown [./open/src/hotspot/share/classfile/systemDictionary.cpp, line 295]
Event: 60.632 Thread 0x00000256536e1ef0 Exception <a 'java/lang/ClassNotFoundException'{0x00000000eb769260}: java/io/WriterCustomizer> (0x00000000eb769260) 
thrown [./open/src/hotspot/share/classfile/systemDictionary.cpp, line 295]
Event: 60.633 Thread 0x00000256536e1ef0 Exception <a 'java/lang/ClassNotFoundException'{0x00000000eb776a90}: java/io/BufferedWriterCustomizer> (0x00000000eb776a90) 
thrown [./open/src/hotspot/share/classfile/systemDictionary.cpp, line 295]
Event: 60.655 Thread 0x000002564f278ee0 Exception <a 'java/lang/NoSuchMethodError'{0x00000000ebad7e58}: 'java.lang.Object java.lang.invoke.DirectMethodHandle$Holder.newInvokeSpecial(java.lang.Object, java.lang.Object, java.lang.Object, java.lang.Object, java.lang.Object, java.lang.Object, java.lang.Object, java.lang.Object)'> (0x00000000ebad7e58) 
thrown [./open/src/hotspot/share/interpreter/linkResolver.cpp, line 782]
Event: 60.655 Thread 0x000002564f278ee0 Exception <a 'java/lang/NoSuchMethodError'{0x00000000ebadd7f8}: 'java.lang.Object java.lang.invoke.Invokers$Holder.linkToTargetMethod(java.lang.Object, java.lang.Object, java.lang.Object, java.lang.Object, java.lang.Object, java.lang.Object, java.lang.Object, java.lang.Object)'> (0x00000000ebadd7f8) 
thrown [./open/src/hotspot/share/interpreter/linkResolver.cpp, line 782]
Event: 61.941 Thread 0x000002564c8f8170 Implicit null exception at 0x0000025641febc8d to 0x0000025641fec49c
Event: 76.829 Thread 0x000002564f278ee0 Exception <a 'java/lang/NoSuchMethodError'{0x00000000f381dae0}: 'java.lang.Object java.lang.invoke.DirectMethodHandle$Holder.invokeSpecial(java.lang.Object, java.lang.Object, int, java.lang.Object, java.lang.Object)'> (0x00000000f381dae0) 
thrown [./open/src/hotspot/share/interpreter/linkResolver.cpp, line 782]
Event: 76.830 Thread 0x000002564f278ee0 Exception <a 'java/lang/NoSuchMethodError'{0x00000000f3827300}: 'java.lang.Object java.lang.invoke.DirectMethodHandle$Holder.newInvokeSpecial(java.lang.Object, java.lang.Object, int, java.lang.Object)'> (0x00000000f3827300) 
thrown [./open/src/hotspot/share/interpreter/linkResolver.cpp, line 782]

Events (20 events):
Event: 111.181 Thread 0x000002564f91b320 Thread exited: 0x000002564f91b320
Event: 111.190 Thread 0x000002564f91ece0 Thread exited: 0x000002564f91ece0
Event: 111.190 Thread 0x000002564f91f1b0 Thread exited: 0x000002564f91f1b0
Event: 111.190 Thread 0x000002564f919170 Thread exited: 0x000002564f919170
Event: 111.190 Thread 0x000002564f918300 Thread exited: 0x000002564f918300
Event: 111.190 Thread 0x000002564f91de70 Thread exited: 0x000002564f91de70
Event: 111.190 Thread 0x000002564f91c190 Thread exited: 0x000002564f91c190
Event: 111.191 Thread 0x000002564f919640 Thread exited: 0x000002564f919640
Event: 111.191 Thread 0x000002564f917e30 Thread exited: 0x000002564f917e30
Event: 111.191 Thread 0x000002564f919b10 Thread exited: 0x000002564f919b10
Event: 111.191 Thread 0x000002564f9187d0 Thread exited: 0x000002564f9187d0
Event: 111.193 Thread 0x000002564f91b7f0 Thread exited: 0x000002564f91b7f0
Event: 111.193 Thread 0x000002564f91a4b0 Thread exited: 0x000002564f91a4b0
Event: 111.193 Thread 0x000002564f91e810 Thread exited: 0x000002564f91e810
Event: 111.193 Thread 0x000002564f918ca0 Thread exited: 0x000002564f918ca0
Event: 111.194 Thread 0x000002564f91d9a0 Thread exited: 0x000002564f91d9a0
Event: 111.194 Thread 0x000002564f91ae50 Thread exited: 0x000002564f91ae50
Event: 111.926 Executing VM operation: HandshakeAllThreads
Event: 111.926 Executing VM operation: HandshakeAllThreads done
Event: 111.942 Thread 0x000002564f91e340 Thread exited: 0x000002564f91e340


Dynamic libraries:
0x00007ff6f1880000 - 0x00007ff6f188f000 	C:\Program Files\Java\jdk-15.0.2\bin\java.exe
0x00007ffb86a90000 - 0x00007ffb86c85000 	C:\Windows\SYSTEM32\ntdll.dll
0x00007ffb85e10000 - 0x00007ffb85ecd000 	C:\Windows\System32\KERNEL32.DLL
0x00007ffb84220000 - 0x00007ffb844e8000 	C:\Windows\System32\KERNELBASE.dll
0x00007ffb84940000 - 0x00007ffb84a40000 	C:\Windows\System32\ucrtbase.dll
0x00007ffb79630000 - 0x00007ffb79649000 	C:\Program Files\Java\jdk-15.0.2\bin\VCRUNTIME140.dll
0x00007ffb79610000 - 0x00007ffb79628000 	C:\Program Files\Java\jdk-15.0.2\bin\jli.dll
0x00007ffb86150000 - 0x00007ffb861fc000 	C:\Windows\System32\ADVAPI32.dll
0x00007ffb84af0000 - 0x00007ffb84b8e000 	C:\Windows\System32\msvcrt.dll
0x00007ffb85b40000 - 0x00007ffb85bdb000 	C:\Windows\System32\sechost.dll
0x00007ffb865c0000 - 0x00007ffb866eb000 	C:\Windows\System32\RPCRT4.dll
0x00007ffb86200000 - 0x00007ffb863a0000 	C:\Windows\System32\USER32.dll
0x00007ffb84570000 - 0x00007ffb84592000 	C:\Windows\System32\win32u.dll
0x00007ffb70480000 - 0x00007ffb7071a000 	C:\Windows\WinSxS\amd64_microsoft.windows.common-controls_6595b64144ccf1df_6.0.19041.844_none_ca00b6081b84eb1d\COMCTL32.dll
0x00007ffb85010000 - 0x00007ffb8503a000 	C:\Windows\System32\GDI32.dll
0x00007ffb84760000 - 0x00007ffb8486b000 	C:\Windows\System32\gdi32full.dll
0x00007ffb848a0000 - 0x00007ffb8493d000 	C:\Windows\System32\msvcp_win.dll
0x00007ffb732a0000 - 0x00007ffb732aa000 	C:\Windows\SYSTEM32\VERSION.dll
0x00007ffb851c0000 - 0x00007ffb851f0000 	C:\Windows\System32\IMM32.DLL
0x00007ffb79600000 - 0x00007ffb7960c000 	C:\Program Files\Java\jdk-15.0.2\bin\vcruntime140_1.dll
0x00007ffb529e0000 - 0x00007ffb52a71000 	C:\Program Files\Java\jdk-15.0.2\bin\msvcp140.dll
0x00007ffb45390000 - 0x00007ffb45eee000 	C:\Program Files\Java\jdk-15.0.2\bin\server\jvm.dll
0x00007ffb860c0000 - 0x00007ffb860c8000 	C:\Windows\System32\PSAPI.DLL
0x00007ffb69bc0000 - 0x00007ffb69be7000 	C:\Windows\SYSTEM32\WINMM.dll
0x00007ffb74860000 - 0x00007ffb74869000 	C:\Windows\SYSTEM32\WSOCK32.dll
0x00007ffb85cf0000 - 0x00007ffb85d5b000 	C:\Windows\System32\WS2_32.dll
0x00007ffb82a60000 - 0x00007ffb82a72000 	C:\Windows\SYSTEM32\kernel.appcore.dll
0x00007ffb795f0000 - 0x00007ffb795fa000 	C:\Program Files\Java\jdk-15.0.2\bin\jimage.dll
0x00007ffb72120000 - 0x00007ffb72304000 	C:\Windows\SYSTEM32\DBGHELP.DLL
0x00007ffb720f0000 - 0x00007ffb7211c000 	C:\Windows\SYSTEM32\dbgcore.DLL
0x00007ffb844f0000 - 0x00007ffb84570000 	C:\Windows\System32\bcryptPrimitives.dll
0x00007ffb69d30000 - 0x00007ffb69d55000 	C:\Program Files\Java\jdk-15.0.2\bin\java.dll
0x00007ffb85310000 - 0x00007ffb85a52000 	C:\Windows\System32\SHELL32.dll
0x00007ffb82260000 - 0x00007ffb829f1000 	C:\Windows\SYSTEM32\windows.storage.dll
0x00007ffb866f0000 - 0x00007ffb86a45000 	C:\Windows\System32\combase.dll
0x00007ffb83b70000 - 0x00007ffb83b9c000 	C:\Windows\SYSTEM32\Wldp.dll
0x00007ffb85110000 - 0x00007ffb851be000 	C:\Windows\System32\SHCORE.dll
0x00007ffb85c70000 - 0x00007ffb85cc5000 	C:\Windows\System32\shlwapi.dll
0x00007ffb84110000 - 0x00007ffb8412f000 	C:\Windows\SYSTEM32\profapi.dll
0x00007ffb76f10000 - 0x00007ffb76f29000 	C:\Program Files\Java\jdk-15.0.2\bin\net.dll
0x00007ffb7b380000 - 0x00007ffb7b48b000 	C:\Windows\SYSTEM32\WINHTTP.dll
0x00007ffb83950000 - 0x00007ffb839ba000 	C:\Windows\system32\mswsock.dll
0x00007ffb6ef30000 - 0x00007ffb6ef42000 	C:\Program Files\Java\jdk-15.0.2\bin\nio.dll
0x00007ffb6aef0000 - 0x00007ffb6af08000 	C:\Program Files\Java\jdk-15.0.2\bin\zip.dll
0x00007ffb795e0000 - 0x00007ffb795f0000 	C:\Program Files\Java\jdk-15.0.2\bin\verify.dll
0x00007ffb693b0000 - 0x00007ffb693d6000 	C:\Users\hp\.gradle\native\fdc75f09e3144964f2cf3f50f0aa648679c211496f362492102eb8c894070792\windows-amd64\native-platform.dll
0x00007ffb52580000 - 0x00007ffb52711000 	C:\Users\hp\.gradle\native\12488b8bf47d2d4c9fbf2f6322a914ad602e24e48041cd04a747c6da556b65c4\windows-amd64\native-platform-file-events.dll
0x00007ffb72340000 - 0x00007ffb72349000 	C:\Program Files\Java\jdk-15.0.2\bin\management.dll
0x00007ffb70a90000 - 0x00007ffb70a9b000 	C:\Program Files\Java\jdk-15.0.2\bin\management_ext.dll
0x00007ffb83ec0000 - 0x00007ffb83ed8000 	C:\Windows\SYSTEM32\CRYPTSP.dll
0x00007ffb832a0000 - 0x00007ffb832d4000 	C:\Windows\system32\rsaenh.dll
0x00007ffb84870000 - 0x00007ffb84897000 	C:\Windows\System32\bcrypt.dll
0x00007ffb840d0000 - 0x00007ffb840fe000 	C:\Windows\SYSTEM32\USERENV.dll
0x00007ffb83ad0000 - 0x00007ffb83adc000 	C:\Windows\SYSTEM32\CRYPTBASE.dll
0x00007ffb83610000 - 0x00007ffb8364b000 	C:\Windows\SYSTEM32\IPHLPAPI.DLL
0x00007ffb85000000 - 0x00007ffb85008000 	C:\Windows\System32\NSI.dll
0x00007ffb77be0000 - 0x00007ffb77bf7000 	C:\Windows\SYSTEM32\dhcpcsvc6.DLL
0x00007ffb79370000 - 0x00007ffb7938d000 	C:\Windows\SYSTEM32\dhcpcsvc.DLL
0x00007ffb83650000 - 0x00007ffb8371c000 	C:\Windows\SYSTEM32\DNSAPI.dll
0x00007ffb7bca0000 - 0x00007ffb7bcab000 	C:\Windows\SYSTEM32\WINNSI.DLL

dbghelp: loaded successfully - version: 4.0.5 - missing functions: none
symbol engine: initialized successfully - sym options: 0x614 - pdb path: .;C:\Program Files\Java\jdk-15.0.2\bin;C:\Windows\SYSTEM32;C:\Windows\WinSxS\amd64_microsoft.windows.common-controls_6595b64144ccf1df_6.0.19041.844_none_ca00b6081b84eb1d;C:\Program Files\Java\jdk-15.0.2\bin\server;C:\Users\hp\.gradle\native\fdc75f09e3144964f2cf3f50f0aa648679c211496f362492102eb8c894070792\windows-amd64;C:\Users\hp\.gradle\native\12488b8bf47d2d4c9fbf2f6322a914ad602e24e48041cd04a747c6da556b65c4\windows-amd64

VM Arguments:
jvm_args: --add-opens=java.base/java.util=ALL-UNNAMED --add-opens=java.base/java.lang=ALL-UNNAMED --add-opens=java.base/java.lang.invoke=ALL-UNNAMED --add-opens=java.prefs/java.util.prefs=ALL-UNNAMED -XX:MaxMetaspaceSize=256m -XX:+HeapDumpOnOutOfMemoryError -Xms256m -Xmx512m -Dfile.encoding=windows-1252 -Duser.country=IN -Duser.language=en -Duser.variant 
java_command: org.gradle.launcher.daemon.bootstrap.GradleDaemon 6.7.1
java_class_path (initial): C:\Users\hp\.gradle\wrapper\dists\gradle-6.7.1-all\2moa8rlfac5eqlcfgk98k0deb\gradle-6.7.1\lib\gradle-launcher-6.7.1.jar
Launcher Type: SUN_STANDARD

[Global flags]
     intx CICompilerCount                          = 3                                         {product} {ergonomic}
   size_t CompressedClassSpaceSize                 = 260046848                                 {product} {ergonomic}
     uint ConcGCThreads                            = 1                                         {product} {ergonomic}
     uint G1ConcRefinementThreads                  = 4                                         {product} {ergonomic}
   size_t G1HeapRegionSize                         = 1048576                                   {product} {ergonomic}
    uintx GCDrainStackTargetSize                   = 64                                        {product} {ergonomic}
     bool HeapDumpOnOutOfMemoryError               = true                                   {manageable} {command line}
   size_t InitialHeapSize                          = 268435456                                 {product} {command line}
   size_t MarkStackSize                            = 4194304                                   {product} {ergonomic}
   size_t MaxHeapSize                              = 536870912                                 {product} {command line}
   size_t MaxMetaspaceSize                         = 268435456                                 {product} {command line}
   size_t MaxNewSize                               = 321912832                                 {product} {ergonomic}
   size_t MinHeapDeltaBytes                        = 1048576                                   {product} {ergonomic}
   size_t MinHeapSize                              = 268435456                                 {product} {command line}
    uintx NonNMethodCodeHeapSize                   = 5832780                                {pd product} {ergonomic}
    uintx NonProfiledCodeHeapSize                  = 122912730                              {pd product} {ergonomic}
    uintx ProfiledCodeHeapSize                     = 122912730                              {pd product} {ergonomic}
    uintx ReservedCodeCacheSize                    = 251658240                              {pd product} {ergonomic}
     bool SegmentedCodeCache                       = true                                      {product} {ergonomic}
   size_t SoftMaxHeapSize                          = 536870912                              {manageable} {ergonomic}
     bool UseCompressedClassPointers               = true                                 {lp64_product} {ergonomic}
     bool UseCompressedOops                        = true                                 {lp64_product} {ergonomic}
     bool UseG1GC                                  = true                                      {product} {ergonomic}
     bool UseLargePagesIndividualAllocation        = false                                  {pd product} {ergonomic}

Logging:
Log output configuration:
 #0: stdout all=warning uptime,level,tags
 #1: stderr all=off uptime,level,tags

Environment Variables:
CLASSPATH=D:\personal\Violet Automation\study\reactnative\Dialer\android\\gradle\wrapper\gradle-wrapper.jar
PATH=C:\Python39\Scripts\;C:\Python39\;C:\Program Files\Common Files\Oracle\Java\javapath;C:\ProgramData\Oracle\Java\javapath;C:\Windows\system32;C:\Windows;C:\Windows\System32\Wbem;C:\Windows\System32\WindowsPowerShell\v1.0\;C:\Windows\System32\OpenSSH\;C:\Program Files\PuTTY\;C:\Users\hp\AppData\Local\Android\Sdk\platform-tools;C:\Program Files (x86)\Microsoft SQL Server\90\Tools\binn\;C:\Program Files (x86)\HP\Common\HPDestPlgIn\;C:\Program Files\Microsoft VS Code\bin;C:\Program Files\nodejs\;C:\ProgramData\chocolatey\bin;C:\Program Files\Git\cmd;C:\Users\hp\AppData\Local\Microsoft\WindowsApps;C:\Program Files\Microsoft VS Code\bin;C:\Users\hp\AppData\Local\Android\Sdk\platform-tools;C:\Program Files (x86)\HP\Common\HPDestPlgIn\;C:\Users\hp\AppData\Roaming\npm
USERNAME=hp
LANG=en_US.UTF-8
OS=Windows_NT
PROCESSOR_IDENTIFIER=Intel64 Family 6 Model 58 Stepping 9, GenuineIntel



---------------  S Y S T E M  ---------------

OS:
 Windows 10 , 64 bit Build 19041 (10.0.19041.928)
OS uptime: 16 days 3:40 hours
HyperV virtualization detected

CPU: total 4 (initial active 4) (2 cores per cpu, 2 threads per core) family 6 model 58 stepping 9 microcode 0x21, cmov, cx8, fxsr, mmx, sse, sse2, sse3, ssse3, sse4.1, sse4.2, popcnt, vzeroupper, avx, aes, clmul, erms, ht, tsc, tscinvbit, tscinv, clflush

Memory: 4k page, system-wide physical 10103M (331M free)
TotalPageFile size 25302M (AvailPageFile size 125M)
current process WorkingSet (physical memory assigned to process): 478M, peak: 558M
current process commit charge ("private bytes"): 573M, peak: 611M

vm_info: Java HotSpot(TM) 64-Bit Server VM (15.0.2+7-27) for windows-amd64 JRE (15.0.2+7-27), built on Dec  7 2020 20:07:01 by "mach5one" with unknown MS VC++:1925

END.
